[INFO] [2017-10-01 19:53:11][org.springframework.web.context.ContextLoader]Root WebApplicationContext: initialization started
  [INFO] [2017-10-01 19:53:11][org.springframework.web.context.support.XmlWebApplicationContext]Refreshing Root WebApplicationContext: startup date [Sun Oct 01 19:53:11 CST 2017]; root of context hierarchy
  [INFO] [2017-10-01 19:53:12][org.springframework.beans.factory.xml.XmlBeanDefinitionReader]Loading XML bean definitions from ServletContext resource [/WEB-INF/applicationContext.xml]
  [INFO] [2017-10-01 19:53:12][org.springframework.context.support.PropertySourcesPlaceholderConfigurer]Loading properties file from URL [file:/D:/workspace/myWebSite/target/classes/applicationConfig.properties]
  [INFO] [2017-10-01 19:53:12][com.mchange.v2.log.MLog]MLog clients using log4j logging.
  [INFO] [2017-10-01 19:53:12][com.mchange.v2.c3p0.C3P0Registry]Initializing c3p0-0.9.5-pre10 [built 06-November-2014 02:02:55 -0800; debug? true; trace: 10]
  [INFO] [2017-10-01 19:53:12][org.springframework.web.context.ContextLoader]Root WebApplicationContext: initialization completed in 1145 ms
  [INFO] [2017-10-01 19:53:13][org.springframework.web.servlet.DispatcherServlet]FrameworkServlet 'springmvc': initialization started
  [INFO] [2017-10-01 19:53:13][org.springframework.web.context.support.XmlWebApplicationContext]Refreshing WebApplicationContext for namespace 'springmvc-servlet': startup date [Sun Oct 01 19:53:13 CST 2017]; parent: Root WebApplicationContext
  [INFO] [2017-10-01 19:53:13][org.springframework.beans.factory.xml.XmlBeanDefinitionReader]Loading XML bean definitions from class path resource [springmvc-servlet.xml]
  [INFO] [2017-10-01 19:53:13][org.springframework.beans.factory.annotation.AutowiredAnnotationBeanPostProcessor]JSR-330 'javax.inject.Inject' annotation found and supported for autowiring
  [INFO] [2017-10-01 19:53:13][org.springframework.web.servlet.mvc.method.annotation.RequestMappingHandlerMapping]Mapped "{[/category/preEdit/id/{id}],methods=[],params=[],headers=[],consumes=[],produces=[],custom=[]}" onto public org.springframework.web.servlet.ModelAndView myWebSite.admin.controller.CategoryController.preEdit(javax.servlet.http.HttpServletRequest,java.lang.String)
  [INFO] [2017-10-01 19:53:13][org.springframework.web.servlet.mvc.method.annotation.RequestMappingHandlerMapping]Mapped "{[/category/addCategoryChild],methods=[],params=[],headers=[],consumes=[],produces=[],custom=[]}" onto public myWebSite.admin.tools.AjaxJson myWebSite.admin.controller.CategoryController.addCategoryChild(javax.servlet.http.HttpServletRequest,java.lang.String,javax.servlet.http.HttpServletResponse)
  [INFO] [2017-10-01 19:53:13][org.springframework.web.servlet.mvc.method.annotation.RequestMappingHandlerMapping]Mapped "{[/category/editCategory],methods=[],params=[],headers=[],consumes=[],produces=[],custom=[]}" onto public myWebSite.admin.tools.AjaxJson myWebSite.admin.controller.CategoryController.editCategory(javax.servlet.http.HttpServletRequest,java.lang.String,javax.servlet.http.HttpServletResponse)
  [INFO] [2017-10-01 19:53:13][org.springframework.web.servlet.mvc.method.annotation.RequestMappingHandlerMapping]Mapped "{[/category/addCategory],methods=[],params=[],headers=[],consumes=[],produces=[],custom=[]}" onto public myWebSite.admin.tools.AjaxJson myWebSite.admin.controller.CategoryController.addCategory(javax.servlet.http.HttpServletRequest,java.lang.String,java.lang.String,java.lang.Integer,javax.servlet.http.HttpServletResponse)
  [INFO] [2017-10-01 19:53:13][org.springframework.web.servlet.mvc.method.annotation.RequestMappingHandlerMapping]Mapped "{[/category/delCategory],methods=[],params=[],headers=[],consumes=[],produces=[],custom=[]}" onto public myWebSite.admin.tools.AjaxJson myWebSite.admin.controller.CategoryController.delCategory(javax.servlet.http.HttpServletRequest,java.lang.String,javax.servlet.http.HttpServletResponse)
  [INFO] [2017-10-01 19:53:13][org.springframework.web.servlet.mvc.method.annotation.RequestMappingHandlerMapping]Mapped "{[/category/preAdd/id/{id}],methods=[],params=[],headers=[],consumes=[],produces=[],custom=[]}" onto public org.springframework.web.servlet.ModelAndView myWebSite.admin.controller.CategoryController.preAdd(javax.servlet.http.HttpServletRequest,java.lang.String)
  [INFO] [2017-10-01 19:53:13][org.springframework.web.servlet.mvc.method.annotation.RequestMappingHandlerMapping]Mapped "{[/category/list],methods=[],params=[],headers=[],consumes=[],produces=[],custom=[]}" onto public org.springframework.web.servlet.ModelAndView myWebSite.admin.controller.CategoryController.categoryList(javax.servlet.http.HttpServletRequest)
  [INFO] [2017-10-01 19:53:13][org.springframework.web.servlet.mvc.method.annotation.RequestMappingHandlerMapping]Mapped "{[/category/getListByParentId],methods=[],params=[],headers=[],consumes=[],produces=[],custom=[]}" onto public myWebSite.admin.tools.AjaxJson myWebSite.admin.controller.CategoryController.getList(javax.servlet.http.HttpServletRequest,java.lang.String,javax.servlet.http.HttpServletResponse)
  [INFO] [2017-10-01 19:53:13][org.springframework.web.servlet.mvc.method.annotation.RequestMappingHandlerMapping]Mapped "{[/category/loadCategorySecond],methods=[],params=[],headers=[],consumes=[],produces=[],custom=[]}" onto public myWebSite.admin.tools.AjaxJson myWebSite.admin.controller.CategoryController.loadCategorySecond(javax.servlet.http.HttpServletRequest,java.lang.String,javax.servlet.http.HttpServletResponse)
  [INFO] [2017-10-01 19:53:13][org.springframework.web.servlet.mvc.method.annotation.RequestMappingHandlerMapping]Mapped "{[/upload/uploadImag],methods=[POST],params=[],headers=[],consumes=[],produces=[],custom=[]}" onto public java.lang.Object myWebSite.admin.controller.FileController.uploadImag(org.springframework.web.multipart.MultipartFile,javax.servlet.http.HttpServletRequest)
  [INFO] [2017-10-01 19:53:13][org.springframework.web.servlet.mvc.method.annotation.RequestMappingHandlerMapping]Mapped "{[/front/search],methods=[],params=[],headers=[],consumes=[],produces=[],custom=[]}" onto public org.springframework.web.servlet.ModelAndView myWebSite.admin.controller.FrontFirstController.search(javax.servlet.http.HttpServletRequest)
  [INFO] [2017-10-01 19:53:13][org.springframework.web.servlet.mvc.method.annotation.RequestMappingHandlerMapping]Mapped "{[/front/reStart],methods=[],params=[],headers=[],consumes=[],produces=[],custom=[]}" onto public org.springframework.web.servlet.ModelAndView myWebSite.admin.controller.FrontFirstController.reStart(javax.servlet.http.HttpServletRequest)
  [INFO] [2017-10-01 19:53:13][org.springframework.web.servlet.mvc.method.annotation.RequestMappingHandlerMapping]Mapped "{[/front/detail/lipin/{lipin}],methods=[],params=[],headers=[],consumes=[],produces=[],custom=[]}" onto public org.springframework.web.servlet.ModelAndView myWebSite.admin.controller.FrontFirstController.detail(javax.servlet.http.HttpServletRequest,java.lang.String)
  [INFO] [2017-10-01 19:53:13][org.springframework.web.servlet.mvc.method.annotation.RequestMappingHandlerMapping]Mapped "{[/ll/list],methods=[],params=[],headers=[],consumes=[],produces=[],custom=[]}" onto public org.springframework.web.servlet.ModelAndView myWebSite.admin.controller.LoanPayTypeController.list(javax.servlet.http.HttpServletRequest)
  [INFO] [2017-10-01 19:53:13][org.springframework.web.servlet.mvc.method.annotation.RequestMappingHandlerMapping]Mapped "{[/ll/showInfos],methods=[],params=[],headers=[],consumes=[],produces=[],custom=[]}" onto public java.util.List<myWebSite.admin.entity.LoanPayType> myWebSite.admin.controller.LoanPayTypeController.showUserInfos()
  [INFO] [2017-10-01 19:53:13][org.springframework.web.servlet.mvc.method.annotation.RequestMappingHandlerMapping]Mapped "{[/ll/reStart],methods=[],params=[],headers=[],consumes=[],produces=[],custom=[]}" onto public org.springframework.web.servlet.ModelAndView myWebSite.admin.controller.LoanPayTypeController.reStart(javax.servlet.http.HttpServletRequest)
  [INFO] [2017-10-01 19:53:13][org.springframework.web.servlet.mvc.method.annotation.RequestMappingHandlerMapping]Mapped "{[/ll/showInfo/{userId}],methods=[],params=[],headers=[],consumes=[],produces=[],custom=[]}" onto public java.lang.String myWebSite.admin.controller.LoanPayTypeController.showLoanPayType(org.springframework.ui.ModelMap,int)
  [INFO] [2017-10-01 19:53:13][org.springframework.web.servlet.mvc.method.annotation.RequestMappingHandlerMapping]Mapped "{[/login/login],methods=[],params=[],headers=[],consumes=[],produces=[],custom=[]}" onto public org.springframework.web.servlet.ModelAndView myWebSite.admin.controller.LoginController.login(javax.servlet.http.HttpServletRequest,javax.servlet.http.HttpServletResponse,java.lang.String,java.lang.String,int,int)
  [INFO] [2017-10-01 19:53:13][org.springframework.web.servlet.mvc.method.annotation.RequestMappingHandlerMapping]Mapped "{[/login/loginPage],methods=[],params=[],headers=[],consumes=[],produces=[],custom=[]}" onto public org.springframework.web.servlet.ModelAndView myWebSite.admin.controller.LoginController.loginPage(javax.servlet.http.HttpServletRequest)
  [INFO] [2017-10-01 19:53:13][org.springframework.web.servlet.mvc.method.annotation.RequestMappingHandlerMapping]Mapped "{[/shop/list],methods=[],params=[],headers=[],consumes=[],produces=[],custom=[]}" onto public org.springframework.web.servlet.ModelAndView myWebSite.admin.controller.ShopController.list(javax.servlet.http.HttpServletRequest)
  [INFO] [2017-10-01 19:53:13][org.springframework.web.servlet.mvc.method.annotation.RequestMappingHandlerMapping]Mapped "{[/shop/preAdd],methods=[],params=[],headers=[],consumes=[],produces=[],custom=[]}" onto public org.springframework.web.servlet.ModelAndView myWebSite.admin.controller.ShopController.preAdd(javax.servlet.http.HttpServletRequest)
  [INFO] [2017-10-01 19:53:13][org.springframework.web.servlet.mvc.method.annotation.RequestMappingHandlerMapping]Mapped "{[/shop/fileUpload],methods=[],params=[],headers=[],consumes=[],produces=[],custom=[]}" onto public myWebSite.admin.tools.AjaxJson myWebSite.admin.controller.ShopController.fileUpload(org.springframework.web.multipart.MultipartHttpServletRequest,javax.servlet.http.HttpServletResponse)
  [INFO] [2017-10-01 19:53:13][org.springframework.web.servlet.mvc.method.annotation.RequestMappingHandlerMapping]Mapped "{[/sys/welcome],methods=[],params=[],headers=[],consumes=[],produces=[],custom=[]}" onto public org.springframework.web.servlet.ModelAndView myWebSite.admin.controller.SysController.loginPage(javax.servlet.http.HttpServletRequest)
  [INFO] [2017-10-01 19:53:14][org.springframework.web.servlet.mvc.method.annotation.RequestMappingHandlerAdapter]Looking for @ControllerAdvice: WebApplicationContext for namespace 'springmvc-servlet': startup date [Sun Oct 01 19:53:13 CST 2017]; parent: Root WebApplicationContext
  [INFO] [2017-10-01 19:53:14][org.springframework.web.servlet.mvc.method.annotation.RequestMappingHandlerAdapter]Looking for @ControllerAdvice: WebApplicationContext for namespace 'springmvc-servlet': startup date [Sun Oct 01 19:53:13 CST 2017]; parent: Root WebApplicationContext
  [INFO] [2017-10-01 19:53:14][org.springframework.web.servlet.handler.SimpleUrlHandlerMapping]Mapped URL path [/css/**] onto handler 'org.springframework.web.servlet.resource.ResourceHttpRequestHandler#0'
  [INFO] [2017-10-01 19:53:14][org.springframework.web.servlet.handler.SimpleUrlHandlerMapping]Mapped URL path [/layui/**] onto handler 'org.springframework.web.servlet.resource.ResourceHttpRequestHandler#1'
  [INFO] [2017-10-01 19:53:14][org.springframework.web.servlet.handler.SimpleUrlHandlerMapping]Mapped URL path [/images/**] onto handler 'org.springframework.web.servlet.resource.ResourceHttpRequestHandler#2'
  [INFO] [2017-10-01 19:53:14][org.springframework.web.servlet.handler.SimpleUrlHandlerMapping]Mapped URL path [/js/**] onto handler 'org.springframework.web.servlet.resource.ResourceHttpRequestHandler#3'
  [INFO] [2017-10-01 19:53:14][org.springframework.web.servlet.handler.SimpleUrlHandlerMapping]Mapped URL path [/treeTable/**] onto handler 'org.springframework.web.servlet.resource.ResourceHttpRequestHandler#4'
  [INFO] [2017-10-01 19:53:14][org.springframework.web.servlet.handler.SimpleUrlHandlerMapping]Mapped URL path [/ueditor/**] onto handler 'org.springframework.web.servlet.resource.ResourceHttpRequestHandler#5'
  [INFO] [2017-10-01 19:53:14][org.springframework.web.servlet.handler.SimpleUrlHandlerMapping]Mapped URL path [/umeditor/**] onto handler 'org.springframework.web.servlet.resource.ResourceHttpRequestHandler#6'
  [INFO] [2017-10-01 19:53:14][org.springframework.web.servlet.handler.SimpleUrlHandlerMapping]Mapped URL path [/upload/**] onto handler 'org.springframework.web.servlet.resource.ResourceHttpRequestHandler#7'
  [INFO] [2017-10-01 19:53:14][org.springframework.web.servlet.handler.SimpleUrlHandlerMapping]Mapped URL path [/shop/**] onto handler 'org.springframework.web.servlet.resource.ResourceHttpRequestHandler#8'
  [INFO] [2017-10-01 19:53:14][org.springframework.web.servlet.DispatcherServlet]FrameworkServlet 'springmvc': initialization completed in 1631 ms
  [WARN] [2017-10-01 19:53:41][org.springframework.web.servlet.PageNotFound]No mapping found for HTTP request with URI [/myWebSite/sys/shoplist] in DispatcherServlet with name 'springmvc'
  [INFO] [2017-10-01 19:53:50][com.mchange.v2.c3p0.impl.AbstractPoolBackedDataSource]Initializing c3p0 pool... com.mchange.v2.c3p0.ComboPooledDataSource [ acquireIncrement -> 5, acquireRetryAttempts -> 30, acquireRetryDelay -> 1000, autoCommitOnClose -> false, automaticTestTable -> null, breakAfterAcquireFailure -> false, checkoutTimeout -> 30000, connectionCustomizerClassName -> null, connectionTesterClassName -> com.mchange.v2.c3p0.impl.DefaultConnectionTester, contextClassLoaderSource -> caller, dataSourceName -> 1hge0wc9q1nvea8ufzwfjo|4293e066, debugUnreturnedConnectionStackTraces -> false, description -> null, driverClass -> com.mysql.jdbc.Driver, extensions -> {}, factoryClassLocation -> null, forceIgnoreUnresolvedTransactions -> false, forceUseNamedDriverClass -> false, identityToken -> 1hge0wc9q1nvea8ufzwfjo|4293e066, idleConnectionTestPeriod -> 30, initialPoolSize -> 5, jdbcUrl -> jdbc:mysql://localhost:3306/store?useUnicode=true&characterEncoding=utf-8&useSSL=true&useCursorFetch=true&defaultFetchSize=100, maxAdministrativeTaskTime -> 0, maxConnectionAge -> 0, maxIdleTime -> 30, maxIdleTimeExcessConnections -> 0, maxPoolSize -> 20, maxStatements -> 0, maxStatementsPerConnection -> 0, minPoolSize -> 5, numHelperThreads -> 3, preferredTestQuery -> null, privilegeSpawnedThreads -> false, properties -> {user=******, password=******}, propertyCycle -> 0, statementCacheNumDeferredCloseThreads -> 0, testConnectionOnCheckin -> false, testConnectionOnCheckout -> false, unreturnedConnectionTimeout -> 0, userOverrides -> {}, usesTraditionalReflectiveProxies -> false ]
  [WARN] [2017-10-01 19:54:21][com.mchange.v2.resourcepool.BasicResourcePool]com.mchange.v2.resourcepool.BasicResourcePool$ScatteredAcquireTask@330bf606 -- Acquisition Attempt Failed!!! Clearing pending acquires. While trying to acquire a needed new resource, we failed to succeed more than the maximum number of allowed acquisition attempts (30). Last acquisition attempt exception: 
  java.sql.SQLException: Access denied for user 'root'@'localhost' (using password: NO)
	at com.mysql.jdbc.SQLError.createSQLException(SQLError.java:996)
	at com.mysql.jdbc.MysqlIO.checkErrorPacket(MysqlIO.java:3887)
	at com.mysql.jdbc.MysqlIO.checkErrorPacket(MysqlIO.java:3823)
	at com.mysql.jdbc.MysqlIO.checkErrorPacket(MysqlIO.java:870)
	at com.mysql.jdbc.MysqlIO.proceedHandshakeWithPluggableAuthentication(MysqlIO.java:1659)
	at com.mysql.jdbc.MysqlIO.doHandshake(MysqlIO.java:1206)
	at com.mysql.jdbc.ConnectionImpl.coreConnect(ConnectionImpl.java:2234)
	at com.mysql.jdbc.ConnectionImpl.connectOneTryOnly(ConnectionImpl.java:2265)
	at com.mysql.jdbc.ConnectionImpl.createNewIO(ConnectionImpl.java:2064)
	at com.mysql.jdbc.ConnectionImpl.<init>(ConnectionImpl.java:790)
	at com.mysql.jdbc.JDBC4Connection.<init>(JDBC4Connection.java:44)
	at sun.reflect.GeneratedConstructorAccessor26.newInstance(Unknown Source)
	at sun.reflect.DelegatingConstructorAccessorImpl.newInstance(DelegatingConstructorAccessorImpl.java:45)
	at java.lang.reflect.Constructor.newInstance(Constructor.java:422)
	at com.mysql.jdbc.Util.handleNewInstance(Util.java:377)
	at com.mysql.jdbc.ConnectionImpl.getInstance(ConnectionImpl.java:395)
	at com.mysql.jdbc.NonRegisteringDriver.connect(NonRegisteringDriver.java:325)
	at com.mchange.v2.c3p0.DriverManagerDataSource.getConnection(DriverManagerDataSource.java:172)
	at com.mchange.v2.c3p0.WrapperConnectionPoolDataSource.getPooledConnection(WrapperConnectionPoolDataSource.java:220)
	at com.mchange.v2.c3p0.WrapperConnectionPoolDataSource.getPooledConnection(WrapperConnectionPoolDataSource.java:206)
	at com.mchange.v2.c3p0.impl.C3P0PooledConnectionPool$1PooledConnectionResourcePoolManager.acquireResource(C3P0PooledConnectionPool.java:200)
	at com.mchange.v2.resourcepool.BasicResourcePool.doAcquire(BasicResourcePool.java:1127)
	at com.mchange.v2.resourcepool.BasicResourcePool.doAcquireAndDecrementPendingAcquiresWithinLockOnSuccess(BasicResourcePool.java:1114)
	at com.mchange.v2.resourcepool.BasicResourcePool.access$800(BasicResourcePool.java:44)
	at com.mchange.v2.resourcepool.BasicResourcePool$ScatteredAcquireTask.run(BasicResourcePool.java:1855)
	at com.mchange.v2.async.ThreadPoolAsynchronousRunner$PoolThread.run(ThreadPoolAsynchronousRunner.java:696)
[WARN] [2017-10-01 19:54:21][com.mchange.v2.resourcepool.BasicResourcePool]Having failed to acquire a resource, com.mchange.v2.resourcepool.BasicResourcePool@34d36313 is interrupting all Threads waiting on a resource to check out. Will try again in response to new client requests.
  [WARN] [2017-10-01 19:54:21][com.mchange.v2.resourcepool.BasicResourcePool]com.mchange.v2.resourcepool.BasicResourcePool$ScatteredAcquireTask@582df5a0 -- Acquisition Attempt Failed!!! Clearing pending acquires. While trying to acquire a needed new resource, we failed to succeed more than the maximum number of allowed acquisition attempts (30). Last acquisition attempt exception: 
  java.sql.SQLException: Access denied for user 'root'@'localhost' (using password: NO)
	at com.mysql.jdbc.SQLError.createSQLException(SQLError.java:996)
	at com.mysql.jdbc.MysqlIO.checkErrorPacket(MysqlIO.java:3887)
	at com.mysql.jdbc.MysqlIO.checkErrorPacket(MysqlIO.java:3823)
	at com.mysql.jdbc.MysqlIO.checkErrorPacket(MysqlIO.java:870)
	at com.mysql.jdbc.MysqlIO.proceedHandshakeWithPluggableAuthentication(MysqlIO.java:1659)
	at com.mysql.jdbc.MysqlIO.doHandshake(MysqlIO.java:1206)
	at com.mysql.jdbc.ConnectionImpl.coreConnect(ConnectionImpl.java:2234)
	at com.mysql.jdbc.ConnectionImpl.connectOneTryOnly(ConnectionImpl.java:2265)
	at com.mysql.jdbc.ConnectionImpl.createNewIO(ConnectionImpl.java:2064)
	at com.mysql.jdbc.ConnectionImpl.<init>(ConnectionImpl.java:790)
	at com.mysql.jdbc.JDBC4Connection.<init>(JDBC4Connection.java:44)
	at sun.reflect.GeneratedConstructorAccessor26.newInstance(Unknown Source)
	at sun.reflect.DelegatingConstructorAccessorImpl.newInstance(DelegatingConstructorAccessorImpl.java:45)
	at java.lang.reflect.Constructor.newInstance(Constructor.java:422)
	at com.mysql.jdbc.Util.handleNewInstance(Util.java:377)
	at com.mysql.jdbc.ConnectionImpl.getInstance(ConnectionImpl.java:395)
	at com.mysql.jdbc.NonRegisteringDriver.connect(NonRegisteringDriver.java:325)
	at com.mchange.v2.c3p0.DriverManagerDataSource.getConnection(DriverManagerDataSource.java:172)
	at com.mchange.v2.c3p0.WrapperConnectionPoolDataSource.getPooledConnection(WrapperConnectionPoolDataSource.java:220)
	at com.mchange.v2.c3p0.WrapperConnectionPoolDataSource.getPooledConnection(WrapperConnectionPoolDataSource.java:206)
	at com.mchange.v2.c3p0.impl.C3P0PooledConnectionPool$1PooledConnectionResourcePoolManager.acquireResource(C3P0PooledConnectionPool.java:200)
	at com.mchange.v2.resourcepool.BasicResourcePool.doAcquire(BasicResourcePool.java:1127)
	at com.mchange.v2.resourcepool.BasicResourcePool.doAcquireAndDecrementPendingAcquiresWithinLockOnSuccess(BasicResourcePool.java:1114)
	at com.mchange.v2.resourcepool.BasicResourcePool.access$800(BasicResourcePool.java:44)
	at com.mchange.v2.resourcepool.BasicResourcePool$ScatteredAcquireTask.run(BasicResourcePool.java:1855)
	at com.mchange.v2.async.ThreadPoolAsynchronousRunner$PoolThread.run(ThreadPoolAsynchronousRunner.java:696)
[WARN] [2017-10-01 19:54:21][com.mchange.v2.resourcepool.BasicResourcePool]Having failed to acquire a resource, com.mchange.v2.resourcepool.BasicResourcePool@34d36313 is interrupting all Threads waiting on a resource to check out. Will try again in response to new client requests.
  [WARN] [2017-10-01 19:54:21][com.mchange.v2.resourcepool.BasicResourcePool]com.mchange.v2.resourcepool.BasicResourcePool$ScatteredAcquireTask@3d73a622 -- Acquisition Attempt Failed!!! Clearing pending acquires. While trying to acquire a needed new resource, we failed to succeed more than the maximum number of allowed acquisition attempts (30). Last acquisition attempt exception: 
  java.sql.SQLException: Access denied for user 'root'@'localhost' (using password: NO)
	at com.mysql.jdbc.SQLError.createSQLException(SQLError.java:996)
	at com.mysql.jdbc.MysqlIO.checkErrorPacket(MysqlIO.java:3887)
	at com.mysql.jdbc.MysqlIO.checkErrorPacket(MysqlIO.java:3823)
	at com.mysql.jdbc.MysqlIO.checkErrorPacket(MysqlIO.java:870)
	at com.mysql.jdbc.MysqlIO.proceedHandshakeWithPluggableAuthentication(MysqlIO.java:1659)
	at com.mysql.jdbc.MysqlIO.doHandshake(MysqlIO.java:1206)
	at com.mysql.jdbc.ConnectionImpl.coreConnect(ConnectionImpl.java:2234)
	at com.mysql.jdbc.ConnectionImpl.connectOneTryOnly(ConnectionImpl.java:2265)
	at com.mysql.jdbc.ConnectionImpl.createNewIO(ConnectionImpl.java:2064)
	at com.mysql.jdbc.ConnectionImpl.<init>(ConnectionImpl.java:790)
	at com.mysql.jdbc.JDBC4Connection.<init>(JDBC4Connection.java:44)
	at sun.reflect.GeneratedConstructorAccessor26.newInstance(Unknown Source)
	at sun.reflect.DelegatingConstructorAccessorImpl.newInstance(DelegatingConstructorAccessorImpl.java:45)
	at java.lang.reflect.Constructor.newInstance(Constructor.java:422)
	at com.mysql.jdbc.Util.handleNewInstance(Util.java:377)
	at com.mysql.jdbc.ConnectionImpl.getInstance(ConnectionImpl.java:395)
	at com.mysql.jdbc.NonRegisteringDriver.connect(NonRegisteringDriver.java:325)
	at com.mchange.v2.c3p0.DriverManagerDataSource.getConnection(DriverManagerDataSource.java:172)
	at com.mchange.v2.c3p0.WrapperConnectionPoolDataSource.getPooledConnection(WrapperConnectionPoolDataSource.java:220)
	at com.mchange.v2.c3p0.WrapperConnectionPoolDataSource.getPooledConnection(WrapperConnectionPoolDataSource.java:206)
	at com.mchange.v2.c3p0.impl.C3P0PooledConnectionPool$1PooledConnectionResourcePoolManager.acquireResource(C3P0PooledConnectionPool.java:200)
	at com.mchange.v2.resourcepool.BasicResourcePool.doAcquire(BasicResourcePool.java:1127)
	at com.mchange.v2.resourcepool.BasicResourcePool.doAcquireAndDecrementPendingAcquiresWithinLockOnSuccess(BasicResourcePool.java:1114)
	at com.mchange.v2.resourcepool.BasicResourcePool.access$800(BasicResourcePool.java:44)
	at com.mchange.v2.resourcepool.BasicResourcePool$ScatteredAcquireTask.run(BasicResourcePool.java:1855)
	at com.mchange.v2.async.ThreadPoolAsynchronousRunner$PoolThread.run(ThreadPoolAsynchronousRunner.java:696)
[WARN] [2017-10-01 19:54:21][com.mchange.v2.resourcepool.BasicResourcePool]Having failed to acquire a resource, com.mchange.v2.resourcepool.BasicResourcePool@34d36313 is interrupting all Threads waiting on a resource to check out. Will try again in response to new client requests.
  [WARN] [2017-10-01 19:54:21][com.mchange.v2.resourcepool.BasicResourcePool]com.mchange.v2.resourcepool.BasicResourcePool$ScatteredAcquireTask@135a82f1 -- Acquisition Attempt Failed!!! Clearing pending acquires. While trying to acquire a needed new resource, we failed to succeed more than the maximum number of allowed acquisition attempts (30). Last acquisition attempt exception: 
  java.sql.SQLException: Access denied for user 'root'@'localhost' (using password: NO)
	at com.mysql.jdbc.SQLError.createSQLException(SQLError.java:996)
	at com.mysql.jdbc.MysqlIO.checkErrorPacket(MysqlIO.java:3887)
	at com.mysql.jdbc.MysqlIO.checkErrorPacket(MysqlIO.java:3823)
	at com.mysql.jdbc.MysqlIO.checkErrorPacket(MysqlIO.java:870)
	at com.mysql.jdbc.MysqlIO.proceedHandshakeWithPluggableAuthentication(MysqlIO.java:1659)
	at com.mysql.jdbc.MysqlIO.doHandshake(MysqlIO.java:1206)
	at com.mysql.jdbc.ConnectionImpl.coreConnect(ConnectionImpl.java:2234)
	at com.mysql.jdbc.ConnectionImpl.connectOneTryOnly(ConnectionImpl.java:2265)
	at com.mysql.jdbc.ConnectionImpl.createNewIO(ConnectionImpl.java:2064)
	at com.mysql.jdbc.ConnectionImpl.<init>(ConnectionImpl.java:790)
	at com.mysql.jdbc.JDBC4Connection.<init>(JDBC4Connection.java:44)
	at sun.reflect.GeneratedConstructorAccessor26.newInstance(Unknown Source)
	at sun.reflect.DelegatingConstructorAccessorImpl.newInstance(DelegatingConstructorAccessorImpl.java:45)
	at java.lang.reflect.Constructor.newInstance(Constructor.java:422)
	at com.mysql.jdbc.Util.handleNewInstance(Util.java:377)
	at com.mysql.jdbc.ConnectionImpl.getInstance(ConnectionImpl.java:395)
	at com.mysql.jdbc.NonRegisteringDriver.connect(NonRegisteringDriver.java:325)
	at com.mchange.v2.c3p0.DriverManagerDataSource.getConnection(DriverManagerDataSource.java:172)
	at com.mchange.v2.c3p0.WrapperConnectionPoolDataSource.getPooledConnection(WrapperConnectionPoolDataSource.java:220)
	at com.mchange.v2.c3p0.WrapperConnectionPoolDataSource.getPooledConnection(WrapperConnectionPoolDataSource.java:206)
	at com.mchange.v2.c3p0.impl.C3P0PooledConnectionPool$1PooledConnectionResourcePoolManager.acquireResource(C3P0PooledConnectionPool.java:200)
	at com.mchange.v2.resourcepool.BasicResourcePool.doAcquire(BasicResourcePool.java:1127)
	at com.mchange.v2.resourcepool.BasicResourcePool.doAcquireAndDecrementPendingAcquiresWithinLockOnSuccess(BasicResourcePool.java:1114)
	at com.mchange.v2.resourcepool.BasicResourcePool.access$800(BasicResourcePool.java:44)
	at com.mchange.v2.resourcepool.BasicResourcePool$ScatteredAcquireTask.run(BasicResourcePool.java:1855)
	at com.mchange.v2.async.ThreadPoolAsynchronousRunner$PoolThread.run(ThreadPoolAsynchronousRunner.java:696)
[WARN] [2017-10-01 19:54:21][com.mchange.v2.resourcepool.BasicResourcePool]Having failed to acquire a resource, com.mchange.v2.resourcepool.BasicResourcePool@34d36313 is interrupting all Threads waiting on a resource to check out. Will try again in response to new client requests.
  [WARN] [2017-10-01 19:54:21][com.mchange.v2.resourcepool.BasicResourcePool]com.mchange.v2.resourcepool.BasicResourcePool$ScatteredAcquireTask@58be5451 -- Acquisition Attempt Failed!!! Clearing pending acquires. While trying to acquire a needed new resource, we failed to succeed more than the maximum number of allowed acquisition attempts (30). Last acquisition attempt exception: 
  java.sql.SQLException: Access denied for user 'root'@'localhost' (using password: NO)
	at com.mysql.jdbc.SQLError.createSQLException(SQLError.java:996)
	at com.mysql.jdbc.MysqlIO.checkErrorPacket(MysqlIO.java:3887)
	at com.mysql.jdbc.MysqlIO.checkErrorPacket(MysqlIO.java:3823)
	at com.mysql.jdbc.MysqlIO.checkErrorPacket(MysqlIO.java:870)
	at com.mysql.jdbc.MysqlIO.proceedHandshakeWithPluggableAuthentication(MysqlIO.java:1659)
	at com.mysql.jdbc.MysqlIO.doHandshake(MysqlIO.java:1206)
	at com.mysql.jdbc.ConnectionImpl.coreConnect(ConnectionImpl.java:2234)
	at com.mysql.jdbc.ConnectionImpl.connectOneTryOnly(ConnectionImpl.java:2265)
	at com.mysql.jdbc.ConnectionImpl.createNewIO(ConnectionImpl.java:2064)
	at com.mysql.jdbc.ConnectionImpl.<init>(ConnectionImpl.java:790)
	at com.mysql.jdbc.JDBC4Connection.<init>(JDBC4Connection.java:44)
	at sun.reflect.GeneratedConstructorAccessor26.newInstance(Unknown Source)
	at sun.reflect.DelegatingConstructorAccessorImpl.newInstance(DelegatingConstructorAccessorImpl.java:45)
	at java.lang.reflect.Constructor.newInstance(Constructor.java:422)
	at com.mysql.jdbc.Util.handleNewInstance(Util.java:377)
	at com.mysql.jdbc.ConnectionImpl.getInstance(ConnectionImpl.java:395)
	at com.mysql.jdbc.NonRegisteringDriver.connect(NonRegisteringDriver.java:325)
	at com.mchange.v2.c3p0.DriverManagerDataSource.getConnection(DriverManagerDataSource.java:172)
	at com.mchange.v2.c3p0.WrapperConnectionPoolDataSource.getPooledConnection(WrapperConnectionPoolDataSource.java:220)
	at com.mchange.v2.c3p0.WrapperConnectionPoolDataSource.getPooledConnection(WrapperConnectionPoolDataSource.java:206)
	at com.mchange.v2.c3p0.impl.C3P0PooledConnectionPool$1PooledConnectionResourcePoolManager.acquireResource(C3P0PooledConnectionPool.java:200)
	at com.mchange.v2.resourcepool.BasicResourcePool.doAcquire(BasicResourcePool.java:1127)
	at com.mchange.v2.resourcepool.BasicResourcePool.doAcquireAndDecrementPendingAcquiresWithinLockOnSuccess(BasicResourcePool.java:1114)
	at com.mchange.v2.resourcepool.BasicResourcePool.access$800(BasicResourcePool.java:44)
	at com.mchange.v2.resourcepool.BasicResourcePool$ScatteredAcquireTask.run(BasicResourcePool.java:1855)
	at com.mchange.v2.async.ThreadPoolAsynchronousRunner$PoolThread.run(ThreadPoolAsynchronousRunner.java:696)
[WARN] [2017-10-01 19:54:21][com.mchange.v2.resourcepool.BasicResourcePool]Having failed to acquire a resource, com.mchange.v2.resourcepool.BasicResourcePool@34d36313 is interrupting all Threads waiting on a resource to check out. Will try again in response to new client requests.
  [WARN] [2017-10-01 19:54:58][com.mchange.v2.resourcepool.BasicResourcePool]com.mchange.v2.resourcepool.BasicResourcePool$ScatteredAcquireTask@5d513fae -- Acquisition Attempt Failed!!! Clearing pending acquires. While trying to acquire a needed new resource, we failed to succeed more than the maximum number of allowed acquisition attempts (30). Last acquisition attempt exception: 
  java.sql.SQLException: Access denied for user 'root'@'localhost' (using password: NO)
	at com.mysql.jdbc.SQLError.createSQLException(SQLError.java:996)
	at com.mysql.jdbc.MysqlIO.checkErrorPacket(MysqlIO.java:3887)
	at com.mysql.jdbc.MysqlIO.checkErrorPacket(MysqlIO.java:3823)
	at com.mysql.jdbc.MysqlIO.checkErrorPacket(MysqlIO.java:870)
	at com.mysql.jdbc.MysqlIO.proceedHandshakeWithPluggableAuthentication(MysqlIO.java:1659)
	at com.mysql.jdbc.MysqlIO.doHandshake(MysqlIO.java:1206)
	at com.mysql.jdbc.ConnectionImpl.coreConnect(ConnectionImpl.java:2234)
	at com.mysql.jdbc.ConnectionImpl.connectOneTryOnly(ConnectionImpl.java:2265)
	at com.mysql.jdbc.ConnectionImpl.createNewIO(ConnectionImpl.java:2064)
	at com.mysql.jdbc.ConnectionImpl.<init>(ConnectionImpl.java:790)
	at com.mysql.jdbc.JDBC4Connection.<init>(JDBC4Connection.java:44)
	at sun.reflect.GeneratedConstructorAccessor26.newInstance(Unknown Source)
	at sun.reflect.DelegatingConstructorAccessorImpl.newInstance(DelegatingConstructorAccessorImpl.java:45)
	at java.lang.reflect.Constructor.newInstance(Constructor.java:422)
	at com.mysql.jdbc.Util.handleNewInstance(Util.java:377)
	at com.mysql.jdbc.ConnectionImpl.getInstance(ConnectionImpl.java:395)
	at com.mysql.jdbc.NonRegisteringDriver.connect(NonRegisteringDriver.java:325)
	at com.mchange.v2.c3p0.DriverManagerDataSource.getConnection(DriverManagerDataSource.java:172)
	at com.mchange.v2.c3p0.WrapperConnectionPoolDataSource.getPooledConnection(WrapperConnectionPoolDataSource.java:220)
	at com.mchange.v2.c3p0.WrapperConnectionPoolDataSource.getPooledConnection(WrapperConnectionPoolDataSource.java:206)
	at com.mchange.v2.c3p0.impl.C3P0PooledConnectionPool$1PooledConnectionResourcePoolManager.acquireResource(C3P0PooledConnectionPool.java:200)
	at com.mchange.v2.resourcepool.BasicResourcePool.doAcquire(BasicResourcePool.java:1127)
	at com.mchange.v2.resourcepool.BasicResourcePool.doAcquireAndDecrementPendingAcquiresWithinLockOnSuccess(BasicResourcePool.java:1114)
	at com.mchange.v2.resourcepool.BasicResourcePool.access$800(BasicResourcePool.java:44)
	at com.mchange.v2.resourcepool.BasicResourcePool$ScatteredAcquireTask.run(BasicResourcePool.java:1855)
	at com.mchange.v2.async.ThreadPoolAsynchronousRunner$PoolThread.run(ThreadPoolAsynchronousRunner.java:696)
[WARN] [2017-10-01 19:54:58][com.mchange.v2.resourcepool.BasicResourcePool]Having failed to acquire a resource, com.mchange.v2.resourcepool.BasicResourcePool@34d36313 is interrupting all Threads waiting on a resource to check out. Will try again in response to new client requests.
  [WARN] [2017-10-01 19:54:58][com.mchange.v2.resourcepool.BasicResourcePool]com.mchange.v2.resourcepool.BasicResourcePool$ScatteredAcquireTask@67adc236 -- Acquisition Attempt Failed!!! Clearing pending acquires. While trying to acquire a needed new resource, we failed to succeed more than the maximum number of allowed acquisition attempts (30). Last acquisition attempt exception: 
  java.sql.SQLException: Access denied for user 'root'@'localhost' (using password: NO)
	at com.mysql.jdbc.SQLError.createSQLException(SQLError.java:996)
	at com.mysql.jdbc.MysqlIO.checkErrorPacket(MysqlIO.java:3887)
	at com.mysql.jdbc.MysqlIO.checkErrorPacket(MysqlIO.java:3823)
	at com.mysql.jdbc.MysqlIO.checkErrorPacket(MysqlIO.java:870)
	at com.mysql.jdbc.MysqlIO.proceedHandshakeWithPluggableAuthentication(MysqlIO.java:1659)
	at com.mysql.jdbc.MysqlIO.doHandshake(MysqlIO.java:1206)
	at com.mysql.jdbc.ConnectionImpl.coreConnect(ConnectionImpl.java:2234)
	at com.mysql.jdbc.ConnectionImpl.connectOneTryOnly(ConnectionImpl.java:2265)
	at com.mysql.jdbc.ConnectionImpl.createNewIO(ConnectionImpl.java:2064)
	at com.mysql.jdbc.ConnectionImpl.<init>(ConnectionImpl.java:790)
	at com.mysql.jdbc.JDBC4Connection.<init>(JDBC4Connection.java:44)
	at sun.reflect.GeneratedConstructorAccessor26.newInstance(Unknown Source)
	at sun.reflect.DelegatingConstructorAccessorImpl.newInstance(DelegatingConstructorAccessorImpl.java:45)
	at java.lang.reflect.Constructor.newInstance(Constructor.java:422)
	at com.mysql.jdbc.Util.handleNewInstance(Util.java:377)
	at com.mysql.jdbc.ConnectionImpl.getInstance(ConnectionImpl.java:395)
	at com.mysql.jdbc.NonRegisteringDriver.connect(NonRegisteringDriver.java:325)
	at com.mchange.v2.c3p0.DriverManagerDataSource.getConnection(DriverManagerDataSource.java:172)
	at com.mchange.v2.c3p0.WrapperConnectionPoolDataSource.getPooledConnection(WrapperConnectionPoolDataSource.java:220)
	at com.mchange.v2.c3p0.WrapperConnectionPoolDataSource.getPooledConnection(WrapperConnectionPoolDataSource.java:206)
	at com.mchange.v2.c3p0.impl.C3P0PooledConnectionPool$1PooledConnectionResourcePoolManager.acquireResource(C3P0PooledConnectionPool.java:200)
	at com.mchange.v2.resourcepool.BasicResourcePool.doAcquire(BasicResourcePool.java:1127)
	at com.mchange.v2.resourcepool.BasicResourcePool.doAcquireAndDecrementPendingAcquiresWithinLockOnSuccess(BasicResourcePool.java:1114)
	at com.mchange.v2.resourcepool.BasicResourcePool.access$800(BasicResourcePool.java:44)
	at com.mchange.v2.resourcepool.BasicResourcePool$ScatteredAcquireTask.run(BasicResourcePool.java:1855)
	at com.mchange.v2.async.ThreadPoolAsynchronousRunner$PoolThread.run(ThreadPoolAsynchronousRunner.java:696)
[WARN] [2017-10-01 19:54:58][com.mchange.v2.resourcepool.BasicResourcePool]Having failed to acquire a resource, com.mchange.v2.resourcepool.BasicResourcePool@34d36313 is interrupting all Threads waiting on a resource to check out. Will try again in response to new client requests.
  [WARN] [2017-10-01 19:54:58][com.mchange.v2.resourcepool.BasicResourcePool]com.mchange.v2.resourcepool.BasicResourcePool$ScatteredAcquireTask@4a423869 -- Acquisition Attempt Failed!!! Clearing pending acquires. While trying to acquire a needed new resource, we failed to succeed more than the maximum number of allowed acquisition attempts (30). Last acquisition attempt exception: 
  java.sql.SQLException: Access denied for user 'root'@'localhost' (using password: NO)
	at com.mysql.jdbc.SQLError.createSQLException(SQLError.java:996)
	at com.mysql.jdbc.MysqlIO.checkErrorPacket(MysqlIO.java:3887)
	at com.mysql.jdbc.MysqlIO.checkErrorPacket(MysqlIO.java:3823)
	at com.mysql.jdbc.MysqlIO.checkErrorPacket(MysqlIO.java:870)
	at com.mysql.jdbc.MysqlIO.proceedHandshakeWithPluggableAuthentication(MysqlIO.java:1659)
	at com.mysql.jdbc.MysqlIO.doHandshake(MysqlIO.java:1206)
	at com.mysql.jdbc.ConnectionImpl.coreConnect(ConnectionImpl.java:2234)
	at com.mysql.jdbc.ConnectionImpl.connectOneTryOnly(ConnectionImpl.java:2265)
	at com.mysql.jdbc.ConnectionImpl.createNewIO(ConnectionImpl.java:2064)
	at com.mysql.jdbc.ConnectionImpl.<init>(ConnectionImpl.java:790)
	at com.mysql.jdbc.JDBC4Connection.<init>(JDBC4Connection.java:44)
	at sun.reflect.GeneratedConstructorAccessor26.newInstance(Unknown Source)
	at sun.reflect.DelegatingConstructorAccessorImpl.newInstance(DelegatingConstructorAccessorImpl.java:45)
	at java.lang.reflect.Constructor.newInstance(Constructor.java:422)
	at com.mysql.jdbc.Util.handleNewInstance(Util.java:377)
	at com.mysql.jdbc.ConnectionImpl.getInstance(ConnectionImpl.java:395)
	at com.mysql.jdbc.NonRegisteringDriver.connect(NonRegisteringDriver.java:325)
	at com.mchange.v2.c3p0.DriverManagerDataSource.getConnection(DriverManagerDataSource.java:172)
	at com.mchange.v2.c3p0.WrapperConnectionPoolDataSource.getPooledConnection(WrapperConnectionPoolDataSource.java:220)
	at com.mchange.v2.c3p0.WrapperConnectionPoolDataSource.getPooledConnection(WrapperConnectionPoolDataSource.java:206)
	at com.mchange.v2.c3p0.impl.C3P0PooledConnectionPool$1PooledConnectionResourcePoolManager.acquireResource(C3P0PooledConnectionPool.java:200)
	at com.mchange.v2.resourcepool.BasicResourcePool.doAcquire(BasicResourcePool.java:1127)
	at com.mchange.v2.resourcepool.BasicResourcePool.doAcquireAndDecrementPendingAcquiresWithinLockOnSuccess(BasicResourcePool.java:1114)
	at com.mchange.v2.resourcepool.BasicResourcePool.access$800(BasicResourcePool.java:44)
	at com.mchange.v2.resourcepool.BasicResourcePool$ScatteredAcquireTask.run(BasicResourcePool.java:1855)
	at com.mchange.v2.async.ThreadPoolAsynchronousRunner$PoolThread.run(ThreadPoolAsynchronousRunner.java:696)
[WARN] [2017-10-01 19:54:58][com.mchange.v2.resourcepool.BasicResourcePool]Having failed to acquire a resource, com.mchange.v2.resourcepool.BasicResourcePool@34d36313 is interrupting all Threads waiting on a resource to check out. Will try again in response to new client requests.
  [WARN] [2017-10-01 19:54:58][com.mchange.v2.resourcepool.BasicResourcePool]com.mchange.v2.resourcepool.BasicResourcePool$ScatteredAcquireTask@47712507 -- Acquisition Attempt Failed!!! Clearing pending acquires. While trying to acquire a needed new resource, we failed to succeed more than the maximum number of allowed acquisition attempts (30). Last acquisition attempt exception: 
  java.sql.SQLException: Access denied for user 'root'@'localhost' (using password: NO)
	at com.mysql.jdbc.SQLError.createSQLException(SQLError.java:996)
	at com.mysql.jdbc.MysqlIO.checkErrorPacket(MysqlIO.java:3887)
	at com.mysql.jdbc.MysqlIO.checkErrorPacket(MysqlIO.java:3823)
	at com.mysql.jdbc.MysqlIO.checkErrorPacket(MysqlIO.java:870)
	at com.mysql.jdbc.MysqlIO.proceedHandshakeWithPluggableAuthentication(MysqlIO.java:1659)
	at com.mysql.jdbc.MysqlIO.doHandshake(MysqlIO.java:1206)
	at com.mysql.jdbc.ConnectionImpl.coreConnect(ConnectionImpl.java:2234)
	at com.mysql.jdbc.ConnectionImpl.connectOneTryOnly(ConnectionImpl.java:2265)
	at com.mysql.jdbc.ConnectionImpl.createNewIO(ConnectionImpl.java:2064)
	at com.mysql.jdbc.ConnectionImpl.<init>(ConnectionImpl.java:790)
	at com.mysql.jdbc.JDBC4Connection.<init>(JDBC4Connection.java:44)
	at sun.reflect.GeneratedConstructorAccessor26.newInstance(Unknown Source)
	at sun.reflect.DelegatingConstructorAccessorImpl.newInstance(DelegatingConstructorAccessorImpl.java:45)
	at java.lang.reflect.Constructor.newInstance(Constructor.java:422)
	at com.mysql.jdbc.Util.handleNewInstance(Util.java:377)
	at com.mysql.jdbc.ConnectionImpl.getInstance(ConnectionImpl.java:395)
	at com.mysql.jdbc.NonRegisteringDriver.connect(NonRegisteringDriver.java:325)
	at com.mchange.v2.c3p0.DriverManagerDataSource.getConnection(DriverManagerDataSource.java:172)
	at com.mchange.v2.c3p0.WrapperConnectionPoolDataSource.getPooledConnection(WrapperConnectionPoolDataSource.java:220)
	at com.mchange.v2.c3p0.WrapperConnectionPoolDataSource.getPooledConnection(WrapperConnectionPoolDataSource.java:206)
	at com.mchange.v2.c3p0.impl.C3P0PooledConnectionPool$1PooledConnectionResourcePoolManager.acquireResource(C3P0PooledConnectionPool.java:200)
	at com.mchange.v2.resourcepool.BasicResourcePool.doAcquire(BasicResourcePool.java:1127)
	at com.mchange.v2.resourcepool.BasicResourcePool.doAcquireAndDecrementPendingAcquiresWithinLockOnSuccess(BasicResourcePool.java:1114)
	at com.mchange.v2.resourcepool.BasicResourcePool.access$800(BasicResourcePool.java:44)
	at com.mchange.v2.resourcepool.BasicResourcePool$ScatteredAcquireTask.run(BasicResourcePool.java:1855)
	at com.mchange.v2.async.ThreadPoolAsynchronousRunner$PoolThread.run(ThreadPoolAsynchronousRunner.java:696)
[WARN] [2017-10-01 19:54:58][com.mchange.v2.resourcepool.BasicResourcePool]Having failed to acquire a resource, com.mchange.v2.resourcepool.BasicResourcePool@34d36313 is interrupting all Threads waiting on a resource to check out. Will try again in response to new client requests.
  [WARN] [2017-10-01 19:54:58][com.mchange.v2.resourcepool.BasicResourcePool]com.mchange.v2.resourcepool.BasicResourcePool$ScatteredAcquireTask@16f28b94 -- Acquisition Attempt Failed!!! Clearing pending acquires. While trying to acquire a needed new resource, we failed to succeed more than the maximum number of allowed acquisition attempts (30). Last acquisition attempt exception: 
  java.sql.SQLException: Access denied for user 'root'@'localhost' (using password: NO)
	at com.mysql.jdbc.SQLError.createSQLException(SQLError.java:996)
	at com.mysql.jdbc.MysqlIO.checkErrorPacket(MysqlIO.java:3887)
	at com.mysql.jdbc.MysqlIO.checkErrorPacket(MysqlIO.java:3823)
	at com.mysql.jdbc.MysqlIO.checkErrorPacket(MysqlIO.java:870)
	at com.mysql.jdbc.MysqlIO.proceedHandshakeWithPluggableAuthentication(MysqlIO.java:1659)
	at com.mysql.jdbc.MysqlIO.doHandshake(MysqlIO.java:1206)
	at com.mysql.jdbc.ConnectionImpl.coreConnect(ConnectionImpl.java:2234)
	at com.mysql.jdbc.ConnectionImpl.connectOneTryOnly(ConnectionImpl.java:2265)
	at com.mysql.jdbc.ConnectionImpl.createNewIO(ConnectionImpl.java:2064)
	at com.mysql.jdbc.ConnectionImpl.<init>(ConnectionImpl.java:790)
	at com.mysql.jdbc.JDBC4Connection.<init>(JDBC4Connection.java:44)
	at sun.reflect.GeneratedConstructorAccessor26.newInstance(Unknown Source)
	at sun.reflect.DelegatingConstructorAccessorImpl.newInstance(DelegatingConstructorAccessorImpl.java:45)
	at java.lang.reflect.Constructor.newInstance(Constructor.java:422)
	at com.mysql.jdbc.Util.handleNewInstance(Util.java:377)
	at com.mysql.jdbc.ConnectionImpl.getInstance(ConnectionImpl.java:395)
	at com.mysql.jdbc.NonRegisteringDriver.connect(NonRegisteringDriver.java:325)
	at com.mchange.v2.c3p0.DriverManagerDataSource.getConnection(DriverManagerDataSource.java:172)
	at com.mchange.v2.c3p0.WrapperConnectionPoolDataSource.getPooledConnection(WrapperConnectionPoolDataSource.java:220)
	at com.mchange.v2.c3p0.WrapperConnectionPoolDataSource.getPooledConnection(WrapperConnectionPoolDataSource.java:206)
	at com.mchange.v2.c3p0.impl.C3P0PooledConnectionPool$1PooledConnectionResourcePoolManager.acquireResource(C3P0PooledConnectionPool.java:200)
	at com.mchange.v2.resourcepool.BasicResourcePool.doAcquire(BasicResourcePool.java:1127)
	at com.mchange.v2.resourcepool.BasicResourcePool.doAcquireAndDecrementPendingAcquiresWithinLockOnSuccess(BasicResourcePool.java:1114)
	at com.mchange.v2.resourcepool.BasicResourcePool.access$800(BasicResourcePool.java:44)
	at com.mchange.v2.resourcepool.BasicResourcePool$ScatteredAcquireTask.run(BasicResourcePool.java:1855)
	at com.mchange.v2.async.ThreadPoolAsynchronousRunner$PoolThread.run(ThreadPoolAsynchronousRunner.java:696)
[WARN] [2017-10-01 19:54:58][com.mchange.v2.resourcepool.BasicResourcePool]Having failed to acquire a resource, com.mchange.v2.resourcepool.BasicResourcePool@34d36313 is interrupting all Threads waiting on a resource to check out. Will try again in response to new client requests.
  [WARN] [2017-10-01 19:55:36][com.mchange.v2.resourcepool.BasicResourcePool]com.mchange.v2.resourcepool.BasicResourcePool$ScatteredAcquireTask@4bb0b7b0 -- Acquisition Attempt Failed!!! Clearing pending acquires. While trying to acquire a needed new resource, we failed to succeed more than the maximum number of allowed acquisition attempts (30). Last acquisition attempt exception: 
  java.sql.SQLException: Access denied for user 'root'@'localhost' (using password: NO)
	at com.mysql.jdbc.SQLError.createSQLException(SQLError.java:996)
	at com.mysql.jdbc.MysqlIO.checkErrorPacket(MysqlIO.java:3887)
	at com.mysql.jdbc.MysqlIO.checkErrorPacket(MysqlIO.java:3823)
	at com.mysql.jdbc.MysqlIO.checkErrorPacket(MysqlIO.java:870)
	at com.mysql.jdbc.MysqlIO.proceedHandshakeWithPluggableAuthentication(MysqlIO.java:1659)
	at com.mysql.jdbc.MysqlIO.doHandshake(MysqlIO.java:1206)
	at com.mysql.jdbc.ConnectionImpl.coreConnect(ConnectionImpl.java:2234)
	at com.mysql.jdbc.ConnectionImpl.connectOneTryOnly(ConnectionImpl.java:2265)
	at com.mysql.jdbc.ConnectionImpl.createNewIO(ConnectionImpl.java:2064)
	at com.mysql.jdbc.ConnectionImpl.<init>(ConnectionImpl.java:790)
	at com.mysql.jdbc.JDBC4Connection.<init>(JDBC4Connection.java:44)
	at sun.reflect.GeneratedConstructorAccessor26.newInstance(Unknown Source)
	at sun.reflect.DelegatingConstructorAccessorImpl.newInstance(DelegatingConstructorAccessorImpl.java:45)
	at java.lang.reflect.Constructor.newInstance(Constructor.java:422)
	at com.mysql.jdbc.Util.handleNewInstance(Util.java:377)
	at com.mysql.jdbc.ConnectionImpl.getInstance(ConnectionImpl.java:395)
	at com.mysql.jdbc.NonRegisteringDriver.connect(NonRegisteringDriver.java:325)
	at com.mchange.v2.c3p0.DriverManagerDataSource.getConnection(DriverManagerDataSource.java:172)
	at com.mchange.v2.c3p0.WrapperConnectionPoolDataSource.getPooledConnection(WrapperConnectionPoolDataSource.java:220)
	at com.mchange.v2.c3p0.WrapperConnectionPoolDataSource.getPooledConnection(WrapperConnectionPoolDataSource.java:206)
	at com.mchange.v2.c3p0.impl.C3P0PooledConnectionPool$1PooledConnectionResourcePoolManager.acquireResource(C3P0PooledConnectionPool.java:200)
	at com.mchange.v2.resourcepool.BasicResourcePool.doAcquire(BasicResourcePool.java:1127)
	at com.mchange.v2.resourcepool.BasicResourcePool.doAcquireAndDecrementPendingAcquiresWithinLockOnSuccess(BasicResourcePool.java:1114)
	at com.mchange.v2.resourcepool.BasicResourcePool.access$800(BasicResourcePool.java:44)
	at com.mchange.v2.resourcepool.BasicResourcePool$ScatteredAcquireTask.run(BasicResourcePool.java:1855)
	at com.mchange.v2.async.ThreadPoolAsynchronousRunner$PoolThread.run(ThreadPoolAsynchronousRunner.java:696)
[WARN] [2017-10-01 19:55:36][com.mchange.v2.resourcepool.BasicResourcePool]Having failed to acquire a resource, com.mchange.v2.resourcepool.BasicResourcePool@34d36313 is interrupting all Threads waiting on a resource to check out. Will try again in response to new client requests.
  [WARN] [2017-10-01 19:55:36][com.mchange.v2.resourcepool.BasicResourcePool]com.mchange.v2.resourcepool.BasicResourcePool$ScatteredAcquireTask@7ca6c1be -- Acquisition Attempt Failed!!! Clearing pending acquires. While trying to acquire a needed new resource, we failed to succeed more than the maximum number of allowed acquisition attempts (30). Last acquisition attempt exception: 
  java.sql.SQLException: Access denied for user 'root'@'localhost' (using password: NO)
	at com.mysql.jdbc.SQLError.createSQLException(SQLError.java:996)
	at com.mysql.jdbc.MysqlIO.checkErrorPacket(MysqlIO.java:3887)
	at com.mysql.jdbc.MysqlIO.checkErrorPacket(MysqlIO.java:3823)
	at com.mysql.jdbc.MysqlIO.checkErrorPacket(MysqlIO.java:870)
	at com.mysql.jdbc.MysqlIO.proceedHandshakeWithPluggableAuthentication(MysqlIO.java:1659)
	at com.mysql.jdbc.MysqlIO.doHandshake(MysqlIO.java:1206)
	at com.mysql.jdbc.ConnectionImpl.coreConnect(ConnectionImpl.java:2234)
	at com.mysql.jdbc.ConnectionImpl.connectOneTryOnly(ConnectionImpl.java:2265)
	at com.mysql.jdbc.ConnectionImpl.createNewIO(ConnectionImpl.java:2064)
	at com.mysql.jdbc.ConnectionImpl.<init>(ConnectionImpl.java:790)
	at com.mysql.jdbc.JDBC4Connection.<init>(JDBC4Connection.java:44)
	at sun.reflect.GeneratedConstructorAccessor26.newInstance(Unknown Source)
	at sun.reflect.DelegatingConstructorAccessorImpl.newInstance(DelegatingConstructorAccessorImpl.java:45)
	at java.lang.reflect.Constructor.newInstance(Constructor.java:422)
	at com.mysql.jdbc.Util.handleNewInstance(Util.java:377)
	at com.mysql.jdbc.ConnectionImpl.getInstance(ConnectionImpl.java:395)
	at com.mysql.jdbc.NonRegisteringDriver.connect(NonRegisteringDriver.java:325)
	at com.mchange.v2.c3p0.DriverManagerDataSource.getConnection(DriverManagerDataSource.java:172)
	at com.mchange.v2.c3p0.WrapperConnectionPoolDataSource.getPooledConnection(WrapperConnectionPoolDataSource.java:220)
	at com.mchange.v2.c3p0.WrapperConnectionPoolDataSource.getPooledConnection(WrapperConnectionPoolDataSource.java:206)
	at com.mchange.v2.c3p0.impl.C3P0PooledConnectionPool$1PooledConnectionResourcePoolManager.acquireResource(C3P0PooledConnectionPool.java:200)
	at com.mchange.v2.resourcepool.BasicResourcePool.doAcquire(BasicResourcePool.java:1127)
	at com.mchange.v2.resourcepool.BasicResourcePool.doAcquireAndDecrementPendingAcquiresWithinLockOnSuccess(BasicResourcePool.java:1114)
	at com.mchange.v2.resourcepool.BasicResourcePool.access$800(BasicResourcePool.java:44)
	at com.mchange.v2.resourcepool.BasicResourcePool$ScatteredAcquireTask.run(BasicResourcePool.java:1855)
	at com.mchange.v2.async.ThreadPoolAsynchronousRunner$PoolThread.run(ThreadPoolAsynchronousRunner.java:696)
[WARN] [2017-10-01 19:55:36][com.mchange.v2.resourcepool.BasicResourcePool]Having failed to acquire a resource, com.mchange.v2.resourcepool.BasicResourcePool@34d36313 is interrupting all Threads waiting on a resource to check out. Will try again in response to new client requests.
  [WARN] [2017-10-01 19:55:36][com.mchange.v2.resourcepool.BasicResourcePool]com.mchange.v2.resourcepool.BasicResourcePool$ScatteredAcquireTask@5b84afe0 -- Acquisition Attempt Failed!!! Clearing pending acquires. While trying to acquire a needed new resource, we failed to succeed more than the maximum number of allowed acquisition attempts (30). Last acquisition attempt exception: 
  java.sql.SQLException: Access denied for user 'root'@'localhost' (using password: NO)
	at com.mysql.jdbc.SQLError.createSQLException(SQLError.java:996)
	at com.mysql.jdbc.MysqlIO.checkErrorPacket(MysqlIO.java:3887)
	at com.mysql.jdbc.MysqlIO.checkErrorPacket(MysqlIO.java:3823)
	at com.mysql.jdbc.MysqlIO.checkErrorPacket(MysqlIO.java:870)
	at com.mysql.jdbc.MysqlIO.proceedHandshakeWithPluggableAuthentication(MysqlIO.java:1659)
	at com.mysql.jdbc.MysqlIO.doHandshake(MysqlIO.java:1206)
	at com.mysql.jdbc.ConnectionImpl.coreConnect(ConnectionImpl.java:2234)
	at com.mysql.jdbc.ConnectionImpl.connectOneTryOnly(ConnectionImpl.java:2265)
	at com.mysql.jdbc.ConnectionImpl.createNewIO(ConnectionImpl.java:2064)
	at com.mysql.jdbc.ConnectionImpl.<init>(ConnectionImpl.java:790)
	at com.mysql.jdbc.JDBC4Connection.<init>(JDBC4Connection.java:44)
	at sun.reflect.GeneratedConstructorAccessor26.newInstance(Unknown Source)
	at sun.reflect.DelegatingConstructorAccessorImpl.newInstance(DelegatingConstructorAccessorImpl.java:45)
	at java.lang.reflect.Constructor.newInstance(Constructor.java:422)
	at com.mysql.jdbc.Util.handleNewInstance(Util.java:377)
	at com.mysql.jdbc.ConnectionImpl.getInstance(ConnectionImpl.java:395)
	at com.mysql.jdbc.NonRegisteringDriver.connect(NonRegisteringDriver.java:325)
	at com.mchange.v2.c3p0.DriverManagerDataSource.getConnection(DriverManagerDataSource.java:172)
	at com.mchange.v2.c3p0.WrapperConnectionPoolDataSource.getPooledConnection(WrapperConnectionPoolDataSource.java:220)
	at com.mchange.v2.c3p0.WrapperConnectionPoolDataSource.getPooledConnection(WrapperConnectionPoolDataSource.java:206)
	at com.mchange.v2.c3p0.impl.C3P0PooledConnectionPool$1PooledConnectionResourcePoolManager.acquireResource(C3P0PooledConnectionPool.java:200)
	at com.mchange.v2.resourcepool.BasicResourcePool.doAcquire(BasicResourcePool.java:1127)
	at com.mchange.v2.resourcepool.BasicResourcePool.doAcquireAndDecrementPendingAcquiresWithinLockOnSuccess(BasicResourcePool.java:1114)
	at com.mchange.v2.resourcepool.BasicResourcePool.access$800(BasicResourcePool.java:44)
	at com.mchange.v2.resourcepool.BasicResourcePool$ScatteredAcquireTask.run(BasicResourcePool.java:1855)
	at com.mchange.v2.async.ThreadPoolAsynchronousRunner$PoolThread.run(ThreadPoolAsynchronousRunner.java:696)
[WARN] [2017-10-01 19:55:36][com.mchange.v2.resourcepool.BasicResourcePool]Having failed to acquire a resource, com.mchange.v2.resourcepool.BasicResourcePool@34d36313 is interrupting all Threads waiting on a resource to check out. Will try again in response to new client requests.
  [WARN] [2017-10-01 19:55:36][com.mchange.v2.resourcepool.BasicResourcePool]com.mchange.v2.resourcepool.BasicResourcePool$ScatteredAcquireTask@2ff51f5c -- Acquisition Attempt Failed!!! Clearing pending acquires. While trying to acquire a needed new resource, we failed to succeed more than the maximum number of allowed acquisition attempts (30). Last acquisition attempt exception: 
  java.sql.SQLException: Access denied for user 'root'@'localhost' (using password: NO)
	at com.mysql.jdbc.SQLError.createSQLException(SQLError.java:996)
	at com.mysql.jdbc.MysqlIO.checkErrorPacket(MysqlIO.java:3887)
	at com.mysql.jdbc.MysqlIO.checkErrorPacket(MysqlIO.java:3823)
	at com.mysql.jdbc.MysqlIO.checkErrorPacket(MysqlIO.java:870)
	at com.mysql.jdbc.MysqlIO.proceedHandshakeWithPluggableAuthentication(MysqlIO.java:1659)
	at com.mysql.jdbc.MysqlIO.doHandshake(MysqlIO.java:1206)
	at com.mysql.jdbc.ConnectionImpl.coreConnect(ConnectionImpl.java:2234)
	at com.mysql.jdbc.ConnectionImpl.connectOneTryOnly(ConnectionImpl.java:2265)
	at com.mysql.jdbc.ConnectionImpl.createNewIO(ConnectionImpl.java:2064)
	at com.mysql.jdbc.ConnectionImpl.<init>(ConnectionImpl.java:790)
	at com.mysql.jdbc.JDBC4Connection.<init>(JDBC4Connection.java:44)
	at sun.reflect.GeneratedConstructorAccessor26.newInstance(Unknown Source)
	at sun.reflect.DelegatingConstructorAccessorImpl.newInstance(DelegatingConstructorAccessorImpl.java:45)
	at java.lang.reflect.Constructor.newInstance(Constructor.java:422)
	at com.mysql.jdbc.Util.handleNewInstance(Util.java:377)
	at com.mysql.jdbc.ConnectionImpl.getInstance(ConnectionImpl.java:395)
	at com.mysql.jdbc.NonRegisteringDriver.connect(NonRegisteringDriver.java:325)
	at com.mchange.v2.c3p0.DriverManagerDataSource.getConnection(DriverManagerDataSource.java:172)
	at com.mchange.v2.c3p0.WrapperConnectionPoolDataSource.getPooledConnection(WrapperConnectionPoolDataSource.java:220)
	at com.mchange.v2.c3p0.WrapperConnectionPoolDataSource.getPooledConnection(WrapperConnectionPoolDataSource.java:206)
	at com.mchange.v2.c3p0.impl.C3P0PooledConnectionPool$1PooledConnectionResourcePoolManager.acquireResource(C3P0PooledConnectionPool.java:200)
	at com.mchange.v2.resourcepool.BasicResourcePool.doAcquire(BasicResourcePool.java:1127)
	at com.mchange.v2.resourcepool.BasicResourcePool.doAcquireAndDecrementPendingAcquiresWithinLockOnSuccess(BasicResourcePool.java:1114)
	at com.mchange.v2.resourcepool.BasicResourcePool.access$800(BasicResourcePool.java:44)
	at com.mchange.v2.resourcepool.BasicResourcePool$ScatteredAcquireTask.run(BasicResourcePool.java:1855)
	at com.mchange.v2.async.ThreadPoolAsynchronousRunner$PoolThread.run(ThreadPoolAsynchronousRunner.java:696)
[WARN] [2017-10-01 19:55:36][com.mchange.v2.resourcepool.BasicResourcePool]Having failed to acquire a resource, com.mchange.v2.resourcepool.BasicResourcePool@34d36313 is interrupting all Threads waiting on a resource to check out. Will try again in response to new client requests.
  [WARN] [2017-10-01 19:55:36][com.mchange.v2.resourcepool.BasicResourcePool]com.mchange.v2.resourcepool.BasicResourcePool$ScatteredAcquireTask@5fc5a0ee -- Acquisition Attempt Failed!!! Clearing pending acquires. While trying to acquire a needed new resource, we failed to succeed more than the maximum number of allowed acquisition attempts (30). Last acquisition attempt exception: 
  java.sql.SQLException: Access denied for user 'root'@'localhost' (using password: NO)
	at com.mysql.jdbc.SQLError.createSQLException(SQLError.java:996)
	at com.mysql.jdbc.MysqlIO.checkErrorPacket(MysqlIO.java:3887)
	at com.mysql.jdbc.MysqlIO.checkErrorPacket(MysqlIO.java:3823)
	at com.mysql.jdbc.MysqlIO.checkErrorPacket(MysqlIO.java:870)
	at com.mysql.jdbc.MysqlIO.proceedHandshakeWithPluggableAuthentication(MysqlIO.java:1659)
	at com.mysql.jdbc.MysqlIO.doHandshake(MysqlIO.java:1206)
	at com.mysql.jdbc.ConnectionImpl.coreConnect(ConnectionImpl.java:2234)
	at com.mysql.jdbc.ConnectionImpl.connectOneTryOnly(ConnectionImpl.java:2265)
	at com.mysql.jdbc.ConnectionImpl.createNewIO(ConnectionImpl.java:2064)
	at com.mysql.jdbc.ConnectionImpl.<init>(ConnectionImpl.java:790)
	at com.mysql.jdbc.JDBC4Connection.<init>(JDBC4Connection.java:44)
	at sun.reflect.GeneratedConstructorAccessor26.newInstance(Unknown Source)
	at sun.reflect.DelegatingConstructorAccessorImpl.newInstance(DelegatingConstructorAccessorImpl.java:45)
	at java.lang.reflect.Constructor.newInstance(Constructor.java:422)
	at com.mysql.jdbc.Util.handleNewInstance(Util.java:377)
	at com.mysql.jdbc.ConnectionImpl.getInstance(ConnectionImpl.java:395)
	at com.mysql.jdbc.NonRegisteringDriver.connect(NonRegisteringDriver.java:325)
	at com.mchange.v2.c3p0.DriverManagerDataSource.getConnection(DriverManagerDataSource.java:172)
	at com.mchange.v2.c3p0.WrapperConnectionPoolDataSource.getPooledConnection(WrapperConnectionPoolDataSource.java:220)
	at com.mchange.v2.c3p0.WrapperConnectionPoolDataSource.getPooledConnection(WrapperConnectionPoolDataSource.java:206)
	at com.mchange.v2.c3p0.impl.C3P0PooledConnectionPool$1PooledConnectionResourcePoolManager.acquireResource(C3P0PooledConnectionPool.java:200)
	at com.mchange.v2.resourcepool.BasicResourcePool.doAcquire(BasicResourcePool.java:1127)
	at com.mchange.v2.resourcepool.BasicResourcePool.doAcquireAndDecrementPendingAcquiresWithinLockOnSuccess(BasicResourcePool.java:1114)
	at com.mchange.v2.resourcepool.BasicResourcePool.access$800(BasicResourcePool.java:44)
	at com.mchange.v2.resourcepool.BasicResourcePool$ScatteredAcquireTask.run(BasicResourcePool.java:1855)
	at com.mchange.v2.async.ThreadPoolAsynchronousRunner$PoolThread.run(ThreadPoolAsynchronousRunner.java:696)
[WARN] [2017-10-01 19:55:36][com.mchange.v2.resourcepool.BasicResourcePool]Having failed to acquire a resource, com.mchange.v2.resourcepool.BasicResourcePool@34d36313 is interrupting all Threads waiting on a resource to check out. Will try again in response to new client requests.
  [INFO] [2017-10-01 19:55:58][org.springframework.web.context.ContextLoader]Root WebApplicationContext: initialization started
  [INFO] [2017-10-01 19:55:58][org.springframework.web.context.support.XmlWebApplicationContext]Refreshing Root WebApplicationContext: startup date [Sun Oct 01 19:55:58 CST 2017]; root of context hierarchy
  [INFO] [2017-10-01 19:55:58][org.springframework.beans.factory.xml.XmlBeanDefinitionReader]Loading XML bean definitions from ServletContext resource [/WEB-INF/applicationContext.xml]
  [INFO] [2017-10-01 19:55:58][org.springframework.context.support.PropertySourcesPlaceholderConfigurer]Loading properties file from URL [file:/D:/workspace/myWebSite/target/classes/applicationConfig.properties]
  [INFO] [2017-10-01 19:55:58][com.mchange.v2.log.MLog]MLog clients using log4j logging.
  [INFO] [2017-10-01 19:55:58][com.mchange.v2.c3p0.C3P0Registry]Initializing c3p0-0.9.5-pre10 [built 06-November-2014 02:02:55 -0800; debug? true; trace: 10]
  [INFO] [2017-10-01 19:55:59][org.springframework.web.context.ContextLoader]Root WebApplicationContext: initialization completed in 965 ms
  [INFO] [2017-10-01 19:55:59][org.springframework.web.servlet.DispatcherServlet]FrameworkServlet 'springmvc': initialization started
  [INFO] [2017-10-01 19:55:59][org.springframework.web.context.support.XmlWebApplicationContext]Refreshing WebApplicationContext for namespace 'springmvc-servlet': startup date [Sun Oct 01 19:55:59 CST 2017]; parent: Root WebApplicationContext
  [INFO] [2017-10-01 19:55:59][org.springframework.beans.factory.xml.XmlBeanDefinitionReader]Loading XML bean definitions from class path resource [springmvc-servlet.xml]
  [INFO] [2017-10-01 19:55:59][org.springframework.beans.factory.annotation.AutowiredAnnotationBeanPostProcessor]JSR-330 'javax.inject.Inject' annotation found and supported for autowiring
  [INFO] [2017-10-01 19:55:59][org.springframework.web.servlet.mvc.method.annotation.RequestMappingHandlerMapping]Mapped "{[/category/getListByParentId],methods=[],params=[],headers=[],consumes=[],produces=[],custom=[]}" onto public myWebSite.admin.tools.AjaxJson myWebSite.admin.controller.CategoryController.getList(javax.servlet.http.HttpServletRequest,java.lang.String,javax.servlet.http.HttpServletResponse)
  [INFO] [2017-10-01 19:55:59][org.springframework.web.servlet.mvc.method.annotation.RequestMappingHandlerMapping]Mapped "{[/category/loadCategorySecond],methods=[],params=[],headers=[],consumes=[],produces=[],custom=[]}" onto public myWebSite.admin.tools.AjaxJson myWebSite.admin.controller.CategoryController.loadCategorySecond(javax.servlet.http.HttpServletRequest,java.lang.String,javax.servlet.http.HttpServletResponse)
  [INFO] [2017-10-01 19:55:59][org.springframework.web.servlet.mvc.method.annotation.RequestMappingHandlerMapping]Mapped "{[/category/preEdit/id/{id}],methods=[],params=[],headers=[],consumes=[],produces=[],custom=[]}" onto public org.springframework.web.servlet.ModelAndView myWebSite.admin.controller.CategoryController.preEdit(javax.servlet.http.HttpServletRequest,java.lang.String)
  [INFO] [2017-10-01 19:55:59][org.springframework.web.servlet.mvc.method.annotation.RequestMappingHandlerMapping]Mapped "{[/category/preAdd/id/{id}],methods=[],params=[],headers=[],consumes=[],produces=[],custom=[]}" onto public org.springframework.web.servlet.ModelAndView myWebSite.admin.controller.CategoryController.preAdd(javax.servlet.http.HttpServletRequest,java.lang.String)
  [INFO] [2017-10-01 19:55:59][org.springframework.web.servlet.mvc.method.annotation.RequestMappingHandlerMapping]Mapped "{[/category/editCategory],methods=[],params=[],headers=[],consumes=[],produces=[],custom=[]}" onto public myWebSite.admin.tools.AjaxJson myWebSite.admin.controller.CategoryController.editCategory(javax.servlet.http.HttpServletRequest,java.lang.String,javax.servlet.http.HttpServletResponse)
  [INFO] [2017-10-01 19:55:59][org.springframework.web.servlet.mvc.method.annotation.RequestMappingHandlerMapping]Mapped "{[/category/delCategory],methods=[],params=[],headers=[],consumes=[],produces=[],custom=[]}" onto public myWebSite.admin.tools.AjaxJson myWebSite.admin.controller.CategoryController.delCategory(javax.servlet.http.HttpServletRequest,java.lang.String,javax.servlet.http.HttpServletResponse)
  [INFO] [2017-10-01 19:55:59][org.springframework.web.servlet.mvc.method.annotation.RequestMappingHandlerMapping]Mapped "{[/category/addCategory],methods=[],params=[],headers=[],consumes=[],produces=[],custom=[]}" onto public myWebSite.admin.tools.AjaxJson myWebSite.admin.controller.CategoryController.addCategory(javax.servlet.http.HttpServletRequest,java.lang.String,java.lang.String,java.lang.Integer,javax.servlet.http.HttpServletResponse)
  [INFO] [2017-10-01 19:55:59][org.springframework.web.servlet.mvc.method.annotation.RequestMappingHandlerMapping]Mapped "{[/category/list],methods=[],params=[],headers=[],consumes=[],produces=[],custom=[]}" onto public org.springframework.web.servlet.ModelAndView myWebSite.admin.controller.CategoryController.categoryList(javax.servlet.http.HttpServletRequest)
  [INFO] [2017-10-01 19:55:59][org.springframework.web.servlet.mvc.method.annotation.RequestMappingHandlerMapping]Mapped "{[/category/addCategoryChild],methods=[],params=[],headers=[],consumes=[],produces=[],custom=[]}" onto public myWebSite.admin.tools.AjaxJson myWebSite.admin.controller.CategoryController.addCategoryChild(javax.servlet.http.HttpServletRequest,java.lang.String,javax.servlet.http.HttpServletResponse)
  [INFO] [2017-10-01 19:55:59][org.springframework.web.servlet.mvc.method.annotation.RequestMappingHandlerMapping]Mapped "{[/upload/uploadImag],methods=[POST],params=[],headers=[],consumes=[],produces=[],custom=[]}" onto public java.lang.Object myWebSite.admin.controller.FileController.uploadImag(org.springframework.web.multipart.MultipartFile,javax.servlet.http.HttpServletRequest)
  [INFO] [2017-10-01 19:55:59][org.springframework.web.servlet.mvc.method.annotation.RequestMappingHandlerMapping]Mapped "{[/front/search],methods=[],params=[],headers=[],consumes=[],produces=[],custom=[]}" onto public org.springframework.web.servlet.ModelAndView myWebSite.admin.controller.FrontFirstController.search(javax.servlet.http.HttpServletRequest)
  [INFO] [2017-10-01 19:55:59][org.springframework.web.servlet.mvc.method.annotation.RequestMappingHandlerMapping]Mapped "{[/front/detail/lipin/{lipin}],methods=[],params=[],headers=[],consumes=[],produces=[],custom=[]}" onto public org.springframework.web.servlet.ModelAndView myWebSite.admin.controller.FrontFirstController.detail(javax.servlet.http.HttpServletRequest,java.lang.String)
  [INFO] [2017-10-01 19:55:59][org.springframework.web.servlet.mvc.method.annotation.RequestMappingHandlerMapping]Mapped "{[/front/reStart],methods=[],params=[],headers=[],consumes=[],produces=[],custom=[]}" onto public org.springframework.web.servlet.ModelAndView myWebSite.admin.controller.FrontFirstController.reStart(javax.servlet.http.HttpServletRequest)
  [INFO] [2017-10-01 19:55:59][org.springframework.web.servlet.mvc.method.annotation.RequestMappingHandlerMapping]Mapped "{[/ll/list],methods=[],params=[],headers=[],consumes=[],produces=[],custom=[]}" onto public org.springframework.web.servlet.ModelAndView myWebSite.admin.controller.LoanPayTypeController.list(javax.servlet.http.HttpServletRequest)
  [INFO] [2017-10-01 19:55:59][org.springframework.web.servlet.mvc.method.annotation.RequestMappingHandlerMapping]Mapped "{[/ll/showInfo/{userId}],methods=[],params=[],headers=[],consumes=[],produces=[],custom=[]}" onto public java.lang.String myWebSite.admin.controller.LoanPayTypeController.showLoanPayType(org.springframework.ui.ModelMap,int)
  [INFO] [2017-10-01 19:55:59][org.springframework.web.servlet.mvc.method.annotation.RequestMappingHandlerMapping]Mapped "{[/ll/reStart],methods=[],params=[],headers=[],consumes=[],produces=[],custom=[]}" onto public org.springframework.web.servlet.ModelAndView myWebSite.admin.controller.LoanPayTypeController.reStart(javax.servlet.http.HttpServletRequest)
  [INFO] [2017-10-01 19:55:59][org.springframework.web.servlet.mvc.method.annotation.RequestMappingHandlerMapping]Mapped "{[/ll/showInfos],methods=[],params=[],headers=[],consumes=[],produces=[],custom=[]}" onto public java.util.List<myWebSite.admin.entity.LoanPayType> myWebSite.admin.controller.LoanPayTypeController.showUserInfos()
  [INFO] [2017-10-01 19:55:59][org.springframework.web.servlet.mvc.method.annotation.RequestMappingHandlerMapping]Mapped "{[/login/loginPage],methods=[],params=[],headers=[],consumes=[],produces=[],custom=[]}" onto public org.springframework.web.servlet.ModelAndView myWebSite.admin.controller.LoginController.loginPage(javax.servlet.http.HttpServletRequest)
  [INFO] [2017-10-01 19:55:59][org.springframework.web.servlet.mvc.method.annotation.RequestMappingHandlerMapping]Mapped "{[/login/login],methods=[],params=[],headers=[],consumes=[],produces=[],custom=[]}" onto public org.springframework.web.servlet.ModelAndView myWebSite.admin.controller.LoginController.login(javax.servlet.http.HttpServletRequest,javax.servlet.http.HttpServletResponse,java.lang.String,java.lang.String,int,int)
  [INFO] [2017-10-01 19:55:59][org.springframework.web.servlet.mvc.method.annotation.RequestMappingHandlerMapping]Mapped "{[/shop/list],methods=[],params=[],headers=[],consumes=[],produces=[],custom=[]}" onto public org.springframework.web.servlet.ModelAndView myWebSite.admin.controller.ShopController.list(javax.servlet.http.HttpServletRequest)
  [INFO] [2017-10-01 19:55:59][org.springframework.web.servlet.mvc.method.annotation.RequestMappingHandlerMapping]Mapped "{[/shop/preAdd],methods=[],params=[],headers=[],consumes=[],produces=[],custom=[]}" onto public org.springframework.web.servlet.ModelAndView myWebSite.admin.controller.ShopController.preAdd(javax.servlet.http.HttpServletRequest)
  [INFO] [2017-10-01 19:55:59][org.springframework.web.servlet.mvc.method.annotation.RequestMappingHandlerMapping]Mapped "{[/shop/fileUpload],methods=[],params=[],headers=[],consumes=[],produces=[],custom=[]}" onto public myWebSite.admin.tools.AjaxJson myWebSite.admin.controller.ShopController.fileUpload(org.springframework.web.multipart.MultipartHttpServletRequest,javax.servlet.http.HttpServletResponse)
  [INFO] [2017-10-01 19:55:59][org.springframework.web.servlet.mvc.method.annotation.RequestMappingHandlerMapping]Mapped "{[/sys/welcome],methods=[],params=[],headers=[],consumes=[],produces=[],custom=[]}" onto public org.springframework.web.servlet.ModelAndView myWebSite.admin.controller.SysController.loginPage(javax.servlet.http.HttpServletRequest)
  [INFO] [2017-10-01 19:56:00][org.springframework.web.servlet.mvc.method.annotation.RequestMappingHandlerAdapter]Looking for @ControllerAdvice: WebApplicationContext for namespace 'springmvc-servlet': startup date [Sun Oct 01 19:55:59 CST 2017]; parent: Root WebApplicationContext
  [INFO] [2017-10-01 19:56:00][org.springframework.web.servlet.mvc.method.annotation.RequestMappingHandlerAdapter]Looking for @ControllerAdvice: WebApplicationContext for namespace 'springmvc-servlet': startup date [Sun Oct 01 19:55:59 CST 2017]; parent: Root WebApplicationContext
  [INFO] [2017-10-01 19:56:00][org.springframework.web.servlet.handler.SimpleUrlHandlerMapping]Mapped URL path [/css/**] onto handler 'org.springframework.web.servlet.resource.ResourceHttpRequestHandler#0'
  [INFO] [2017-10-01 19:56:00][org.springframework.web.servlet.handler.SimpleUrlHandlerMapping]Mapped URL path [/layui/**] onto handler 'org.springframework.web.servlet.resource.ResourceHttpRequestHandler#1'
  [INFO] [2017-10-01 19:56:00][org.springframework.web.servlet.handler.SimpleUrlHandlerMapping]Mapped URL path [/images/**] onto handler 'org.springframework.web.servlet.resource.ResourceHttpRequestHandler#2'
  [INFO] [2017-10-01 19:56:00][org.springframework.web.servlet.handler.SimpleUrlHandlerMapping]Mapped URL path [/js/**] onto handler 'org.springframework.web.servlet.resource.ResourceHttpRequestHandler#3'
  [INFO] [2017-10-01 19:56:00][org.springframework.web.servlet.handler.SimpleUrlHandlerMapping]Mapped URL path [/treeTable/**] onto handler 'org.springframework.web.servlet.resource.ResourceHttpRequestHandler#4'
  [INFO] [2017-10-01 19:56:00][org.springframework.web.servlet.handler.SimpleUrlHandlerMapping]Mapped URL path [/ueditor/**] onto handler 'org.springframework.web.servlet.resource.ResourceHttpRequestHandler#5'
  [INFO] [2017-10-01 19:56:00][org.springframework.web.servlet.handler.SimpleUrlHandlerMapping]Mapped URL path [/umeditor/**] onto handler 'org.springframework.web.servlet.resource.ResourceHttpRequestHandler#6'
  [INFO] [2017-10-01 19:56:00][org.springframework.web.servlet.handler.SimpleUrlHandlerMapping]Mapped URL path [/upload/**] onto handler 'org.springframework.web.servlet.resource.ResourceHttpRequestHandler#7'
  [INFO] [2017-10-01 19:56:00][org.springframework.web.servlet.handler.SimpleUrlHandlerMapping]Mapped URL path [/shop/**] onto handler 'org.springframework.web.servlet.resource.ResourceHttpRequestHandler#8'
  [INFO] [2017-10-01 19:56:00][org.springframework.web.servlet.DispatcherServlet]FrameworkServlet 'springmvc': initialization completed in 1738 ms
  [INFO] [2017-10-01 19:56:20][com.mchange.v2.c3p0.impl.AbstractPoolBackedDataSource]Initializing c3p0 pool... com.mchange.v2.c3p0.ComboPooledDataSource [ acquireIncrement -> 5, acquireRetryAttempts -> 30, acquireRetryDelay -> 1000, autoCommitOnClose -> false, automaticTestTable -> null, breakAfterAcquireFailure -> false, checkoutTimeout -> 30000, connectionCustomizerClassName -> null, connectionTesterClassName -> com.mchange.v2.c3p0.impl.DefaultConnectionTester, contextClassLoaderSource -> caller, dataSourceName -> 1hge0wc9q1nvhuib1wknan0|4293e066, debugUnreturnedConnectionStackTraces -> false, description -> null, driverClass -> com.mysql.jdbc.Driver, extensions -> {}, factoryClassLocation -> null, forceIgnoreUnresolvedTransactions -> false, forceUseNamedDriverClass -> false, identityToken -> 1hge0wc9q1nvhuib1wknan0|4293e066, idleConnectionTestPeriod -> 30, initialPoolSize -> 5, jdbcUrl -> jdbc:mysql://localhost:3306/store?useUnicode=true&characterEncoding=utf-8&useSSL=true&useCursorFetch=true&defaultFetchSize=100, maxAdministrativeTaskTime -> 0, maxConnectionAge -> 0, maxIdleTime -> 30, maxIdleTimeExcessConnections -> 0, maxPoolSize -> 20, maxStatements -> 0, maxStatementsPerConnection -> 0, minPoolSize -> 5, numHelperThreads -> 3, preferredTestQuery -> null, privilegeSpawnedThreads -> false, properties -> {user=******, password=******}, propertyCycle -> 0, statementCacheNumDeferredCloseThreads -> 0, testConnectionOnCheckin -> false, testConnectionOnCheckout -> false, unreturnedConnectionTimeout -> 0, userOverrides -> {}, usesTraditionalReflectiveProxies -> false ]
  [INFO] [2017-10-01 19:56:32][myWebSite.admin.controller.CategoryController] categoryList 
  [ERROR] [2017-10-01 19:56:43][myWebSite.admin.controller.CategoryController] : Incorrect result size: expected 1, actual 0
  [ERROR] [2017-10-01 19:56:55][myWebSite.admin.controller.CategoryController] : Incorrect result size: expected 1, actual 0
  [ERROR] [2017-10-01 19:59:37][myWebSite.admin.controller.CategoryController] : Incorrect result size: expected 1, actual 0
  [INFO] [2017-10-01 20:01:24][org.springframework.web.context.ContextLoader]Root WebApplicationContext: initialization started
  [INFO] [2017-10-01 20:01:24][org.springframework.web.context.support.XmlWebApplicationContext]Refreshing Root WebApplicationContext: startup date [Sun Oct 01 20:01:24 CST 2017]; root of context hierarchy
  [INFO] [2017-10-01 20:01:24][org.springframework.beans.factory.xml.XmlBeanDefinitionReader]Loading XML bean definitions from ServletContext resource [/WEB-INF/applicationContext.xml]
  [INFO] [2017-10-01 20:01:25][org.springframework.context.support.PropertySourcesPlaceholderConfigurer]Loading properties file from URL [file:/D:/workspace/myWebSite/target/classes/applicationConfig.properties]
  [INFO] [2017-10-01 20:01:25][com.mchange.v2.log.MLog]MLog clients using log4j logging.
  [INFO] [2017-10-01 20:01:25][com.mchange.v2.c3p0.C3P0Registry]Initializing c3p0-0.9.5-pre10 [built 06-November-2014 02:02:55 -0800; debug? true; trace: 10]
  [INFO] [2017-10-01 20:01:25][org.springframework.web.context.ContextLoader]Root WebApplicationContext: initialization completed in 1317 ms
  [INFO] [2017-10-01 20:01:25][org.springframework.web.servlet.DispatcherServlet]FrameworkServlet 'springmvc': initialization started
  [INFO] [2017-10-01 20:01:25][org.springframework.web.context.support.XmlWebApplicationContext]Refreshing WebApplicationContext for namespace 'springmvc-servlet': startup date [Sun Oct 01 20:01:25 CST 2017]; parent: Root WebApplicationContext
  [INFO] [2017-10-01 20:01:25][org.springframework.beans.factory.xml.XmlBeanDefinitionReader]Loading XML bean definitions from class path resource [springmvc-servlet.xml]
  [INFO] [2017-10-01 20:01:26][org.springframework.beans.factory.annotation.AutowiredAnnotationBeanPostProcessor]JSR-330 'javax.inject.Inject' annotation found and supported for autowiring
  [INFO] [2017-10-01 20:01:26][org.springframework.web.servlet.mvc.method.annotation.RequestMappingHandlerMapping]Mapped "{[/category/getListByParentId],methods=[],params=[],headers=[],consumes=[],produces=[],custom=[]}" onto public myWebSite.admin.tools.AjaxJson myWebSite.admin.controller.CategoryController.getList(javax.servlet.http.HttpServletRequest,java.lang.String,javax.servlet.http.HttpServletResponse)
  [INFO] [2017-10-01 20:01:26][org.springframework.web.servlet.mvc.method.annotation.RequestMappingHandlerMapping]Mapped "{[/category/loadCategorySecond],methods=[],params=[],headers=[],consumes=[],produces=[],custom=[]}" onto public myWebSite.admin.tools.AjaxJson myWebSite.admin.controller.CategoryController.loadCategorySecond(javax.servlet.http.HttpServletRequest,java.lang.String,javax.servlet.http.HttpServletResponse)
  [INFO] [2017-10-01 20:01:26][org.springframework.web.servlet.mvc.method.annotation.RequestMappingHandlerMapping]Mapped "{[/category/list],methods=[],params=[],headers=[],consumes=[],produces=[],custom=[]}" onto public org.springframework.web.servlet.ModelAndView myWebSite.admin.controller.CategoryController.categoryList(javax.servlet.http.HttpServletRequest)
  [INFO] [2017-10-01 20:01:26][org.springframework.web.servlet.mvc.method.annotation.RequestMappingHandlerMapping]Mapped "{[/category/delCategory],methods=[],params=[],headers=[],consumes=[],produces=[],custom=[]}" onto public myWebSite.admin.tools.AjaxJson myWebSite.admin.controller.CategoryController.delCategory(javax.servlet.http.HttpServletRequest,java.lang.String,javax.servlet.http.HttpServletResponse)
  [INFO] [2017-10-01 20:01:26][org.springframework.web.servlet.mvc.method.annotation.RequestMappingHandlerMapping]Mapped "{[/category/preEdit/id/{id}],methods=[],params=[],headers=[],consumes=[],produces=[],custom=[]}" onto public org.springframework.web.servlet.ModelAndView myWebSite.admin.controller.CategoryController.preEdit(javax.servlet.http.HttpServletRequest,java.lang.String)
  [INFO] [2017-10-01 20:01:26][org.springframework.web.servlet.mvc.method.annotation.RequestMappingHandlerMapping]Mapped "{[/category/addCategory],methods=[],params=[],headers=[],consumes=[],produces=[],custom=[]}" onto public myWebSite.admin.tools.AjaxJson myWebSite.admin.controller.CategoryController.addCategory(javax.servlet.http.HttpServletRequest,java.lang.String,java.lang.String,java.lang.Integer,javax.servlet.http.HttpServletResponse)
  [INFO] [2017-10-01 20:01:26][org.springframework.web.servlet.mvc.method.annotation.RequestMappingHandlerMapping]Mapped "{[/category/addCategoryChild],methods=[],params=[],headers=[],consumes=[],produces=[],custom=[]}" onto public myWebSite.admin.tools.AjaxJson myWebSite.admin.controller.CategoryController.addCategoryChild(javax.servlet.http.HttpServletRequest,java.lang.String,javax.servlet.http.HttpServletResponse)
  [INFO] [2017-10-01 20:01:26][org.springframework.web.servlet.mvc.method.annotation.RequestMappingHandlerMapping]Mapped "{[/category/editCategory],methods=[],params=[],headers=[],consumes=[],produces=[],custom=[]}" onto public myWebSite.admin.tools.AjaxJson myWebSite.admin.controller.CategoryController.editCategory(javax.servlet.http.HttpServletRequest,java.lang.String,javax.servlet.http.HttpServletResponse)
  [INFO] [2017-10-01 20:01:26][org.springframework.web.servlet.mvc.method.annotation.RequestMappingHandlerMapping]Mapped "{[/category/preAdd/id/{id}],methods=[],params=[],headers=[],consumes=[],produces=[],custom=[]}" onto public org.springframework.web.servlet.ModelAndView myWebSite.admin.controller.CategoryController.preAdd(javax.servlet.http.HttpServletRequest,java.lang.String)
  [INFO] [2017-10-01 20:01:26][org.springframework.web.servlet.mvc.method.annotation.RequestMappingHandlerMapping]Mapped "{[/upload/uploadImag],methods=[POST],params=[],headers=[],consumes=[],produces=[],custom=[]}" onto public java.lang.Object myWebSite.admin.controller.FileController.uploadImag(org.springframework.web.multipart.MultipartFile,javax.servlet.http.HttpServletRequest)
  [INFO] [2017-10-01 20:01:26][org.springframework.web.servlet.mvc.method.annotation.RequestMappingHandlerMapping]Mapped "{[/front/search],methods=[],params=[],headers=[],consumes=[],produces=[],custom=[]}" onto public org.springframework.web.servlet.ModelAndView myWebSite.admin.controller.FrontFirstController.search(javax.servlet.http.HttpServletRequest)
  [INFO] [2017-10-01 20:01:26][org.springframework.web.servlet.mvc.method.annotation.RequestMappingHandlerMapping]Mapped "{[/front/detail/lipin/{lipin}],methods=[],params=[],headers=[],consumes=[],produces=[],custom=[]}" onto public org.springframework.web.servlet.ModelAndView myWebSite.admin.controller.FrontFirstController.detail(javax.servlet.http.HttpServletRequest,java.lang.String)
  [INFO] [2017-10-01 20:01:26][org.springframework.web.servlet.mvc.method.annotation.RequestMappingHandlerMapping]Mapped "{[/front/reStart],methods=[],params=[],headers=[],consumes=[],produces=[],custom=[]}" onto public org.springframework.web.servlet.ModelAndView myWebSite.admin.controller.FrontFirstController.reStart(javax.servlet.http.HttpServletRequest)
  [INFO] [2017-10-01 20:01:26][org.springframework.web.servlet.mvc.method.annotation.RequestMappingHandlerMapping]Mapped "{[/ll/list],methods=[],params=[],headers=[],consumes=[],produces=[],custom=[]}" onto public org.springframework.web.servlet.ModelAndView myWebSite.admin.controller.LoanPayTypeController.list(javax.servlet.http.HttpServletRequest)
  [INFO] [2017-10-01 20:01:26][org.springframework.web.servlet.mvc.method.annotation.RequestMappingHandlerMapping]Mapped "{[/ll/reStart],methods=[],params=[],headers=[],consumes=[],produces=[],custom=[]}" onto public org.springframework.web.servlet.ModelAndView myWebSite.admin.controller.LoanPayTypeController.reStart(javax.servlet.http.HttpServletRequest)
  [INFO] [2017-10-01 20:01:26][org.springframework.web.servlet.mvc.method.annotation.RequestMappingHandlerMapping]Mapped "{[/ll/showInfo/{userId}],methods=[],params=[],headers=[],consumes=[],produces=[],custom=[]}" onto public java.lang.String myWebSite.admin.controller.LoanPayTypeController.showLoanPayType(org.springframework.ui.ModelMap,int)
  [INFO] [2017-10-01 20:01:26][org.springframework.web.servlet.mvc.method.annotation.RequestMappingHandlerMapping]Mapped "{[/ll/showInfos],methods=[],params=[],headers=[],consumes=[],produces=[],custom=[]}" onto public java.util.List<myWebSite.admin.entity.LoanPayType> myWebSite.admin.controller.LoanPayTypeController.showUserInfos()
  [INFO] [2017-10-01 20:01:26][org.springframework.web.servlet.mvc.method.annotation.RequestMappingHandlerMapping]Mapped "{[/login/loginPage],methods=[],params=[],headers=[],consumes=[],produces=[],custom=[]}" onto public org.springframework.web.servlet.ModelAndView myWebSite.admin.controller.LoginController.loginPage(javax.servlet.http.HttpServletRequest)
  [INFO] [2017-10-01 20:01:26][org.springframework.web.servlet.mvc.method.annotation.RequestMappingHandlerMapping]Mapped "{[/login/login],methods=[],params=[],headers=[],consumes=[],produces=[],custom=[]}" onto public org.springframework.web.servlet.ModelAndView myWebSite.admin.controller.LoginController.login(javax.servlet.http.HttpServletRequest,javax.servlet.http.HttpServletResponse,java.lang.String,java.lang.String,int,int)
  [INFO] [2017-10-01 20:01:26][org.springframework.web.servlet.mvc.method.annotation.RequestMappingHandlerMapping]Mapped "{[/shop/list],methods=[],params=[],headers=[],consumes=[],produces=[],custom=[]}" onto public org.springframework.web.servlet.ModelAndView myWebSite.admin.controller.ShopController.list(javax.servlet.http.HttpServletRequest)
  [INFO] [2017-10-01 20:01:26][org.springframework.web.servlet.mvc.method.annotation.RequestMappingHandlerMapping]Mapped "{[/shop/preAdd],methods=[],params=[],headers=[],consumes=[],produces=[],custom=[]}" onto public org.springframework.web.servlet.ModelAndView myWebSite.admin.controller.ShopController.preAdd(javax.servlet.http.HttpServletRequest)
  [INFO] [2017-10-01 20:01:26][org.springframework.web.servlet.mvc.method.annotation.RequestMappingHandlerMapping]Mapped "{[/shop/fileUpload],methods=[],params=[],headers=[],consumes=[],produces=[],custom=[]}" onto public myWebSite.admin.tools.AjaxJson myWebSite.admin.controller.ShopController.fileUpload(org.springframework.web.multipart.MultipartHttpServletRequest,javax.servlet.http.HttpServletResponse)
  [INFO] [2017-10-01 20:01:26][org.springframework.web.servlet.mvc.method.annotation.RequestMappingHandlerMapping]Mapped "{[/sys/welcome],methods=[],params=[],headers=[],consumes=[],produces=[],custom=[]}" onto public org.springframework.web.servlet.ModelAndView myWebSite.admin.controller.SysController.loginPage(javax.servlet.http.HttpServletRequest)
  [INFO] [2017-10-01 20:01:27][org.springframework.web.servlet.mvc.method.annotation.RequestMappingHandlerAdapter]Looking for @ControllerAdvice: WebApplicationContext for namespace 'springmvc-servlet': startup date [Sun Oct 01 20:01:25 CST 2017]; parent: Root WebApplicationContext
  [INFO] [2017-10-01 20:01:27][org.springframework.web.servlet.mvc.method.annotation.RequestMappingHandlerAdapter]Looking for @ControllerAdvice: WebApplicationContext for namespace 'springmvc-servlet': startup date [Sun Oct 01 20:01:25 CST 2017]; parent: Root WebApplicationContext
  [INFO] [2017-10-01 20:01:27][org.springframework.web.servlet.handler.SimpleUrlHandlerMapping]Mapped URL path [/css/**] onto handler 'org.springframework.web.servlet.resource.ResourceHttpRequestHandler#0'
  [INFO] [2017-10-01 20:01:27][org.springframework.web.servlet.handler.SimpleUrlHandlerMapping]Mapped URL path [/layui/**] onto handler 'org.springframework.web.servlet.resource.ResourceHttpRequestHandler#1'
  [INFO] [2017-10-01 20:01:27][org.springframework.web.servlet.handler.SimpleUrlHandlerMapping]Mapped URL path [/images/**] onto handler 'org.springframework.web.servlet.resource.ResourceHttpRequestHandler#2'
  [INFO] [2017-10-01 20:01:27][org.springframework.web.servlet.handler.SimpleUrlHandlerMapping]Mapped URL path [/js/**] onto handler 'org.springframework.web.servlet.resource.ResourceHttpRequestHandler#3'
  [INFO] [2017-10-01 20:01:27][org.springframework.web.servlet.handler.SimpleUrlHandlerMapping]Mapped URL path [/treeTable/**] onto handler 'org.springframework.web.servlet.resource.ResourceHttpRequestHandler#4'
  [INFO] [2017-10-01 20:01:27][org.springframework.web.servlet.handler.SimpleUrlHandlerMapping]Mapped URL path [/ueditor/**] onto handler 'org.springframework.web.servlet.resource.ResourceHttpRequestHandler#5'
  [INFO] [2017-10-01 20:01:27][org.springframework.web.servlet.handler.SimpleUrlHandlerMapping]Mapped URL path [/umeditor/**] onto handler 'org.springframework.web.servlet.resource.ResourceHttpRequestHandler#6'
  [INFO] [2017-10-01 20:01:27][org.springframework.web.servlet.handler.SimpleUrlHandlerMapping]Mapped URL path [/upload/**] onto handler 'org.springframework.web.servlet.resource.ResourceHttpRequestHandler#7'
  [INFO] [2017-10-01 20:01:27][org.springframework.web.servlet.handler.SimpleUrlHandlerMapping]Mapped URL path [/shop/**] onto handler 'org.springframework.web.servlet.resource.ResourceHttpRequestHandler#8'
  [INFO] [2017-10-01 20:01:27][org.springframework.web.servlet.DispatcherServlet]FrameworkServlet 'springmvc': initialization completed in 1545 ms
  [INFO] [2017-10-01 20:01:53][com.mchange.v2.c3p0.impl.AbstractPoolBackedDataSource]Initializing c3p0 pool... com.mchange.v2.c3p0.ComboPooledDataSource [ acquireIncrement -> 5, acquireRetryAttempts -> 30, acquireRetryDelay -> 1000, autoCommitOnClose -> false, automaticTestTable -> null, breakAfterAcquireFailure -> false, checkoutTimeout -> 30000, connectionCustomizerClassName -> null, connectionTesterClassName -> com.mchange.v2.c3p0.impl.DefaultConnectionTester, contextClassLoaderSource -> caller, dataSourceName -> 1hge0wc9q1nvouh09x4vwm|11d86b9d, debugUnreturnedConnectionStackTraces -> false, description -> null, driverClass -> com.mysql.jdbc.Driver, extensions -> {}, factoryClassLocation -> null, forceIgnoreUnresolvedTransactions -> false, forceUseNamedDriverClass -> false, identityToken -> 1hge0wc9q1nvouh09x4vwm|11d86b9d, idleConnectionTestPeriod -> 30, initialPoolSize -> 5, jdbcUrl -> jdbc:mysql://localhost:3306/store?useUnicode=true&characterEncoding=utf-8&useSSL=true&useCursorFetch=true&defaultFetchSize=100, maxAdministrativeTaskTime -> 0, maxConnectionAge -> 0, maxIdleTime -> 30, maxIdleTimeExcessConnections -> 0, maxPoolSize -> 20, maxStatements -> 0, maxStatementsPerConnection -> 0, minPoolSize -> 5, numHelperThreads -> 3, preferredTestQuery -> null, privilegeSpawnedThreads -> false, properties -> {user=******, password=******}, propertyCycle -> 0, statementCacheNumDeferredCloseThreads -> 0, testConnectionOnCheckin -> false, testConnectionOnCheckout -> false, unreturnedConnectionTimeout -> 0, userOverrides -> {}, usesTraditionalReflectiveProxies -> false ]
  [ERROR] [2017-10-01 20:02:57][myWebSite.admin.controller.CategoryController] : Incorrect result size: expected 1, actual 0
  [ERROR] [2017-10-01 20:03:24][myWebSite.admin.controller.CategoryController] : Incorrect result size: expected 1, actual 0
  [INFO] [2017-10-01 20:04:50][myWebSite.admin.controller.CategoryController]  
  [INFO] [2017-10-01 20:04:56][myWebSite.admin.controller.CategoryController] categoryList 
  [INFO] [2017-10-01 20:04:58][myWebSite.admin.controller.CategoryController] preAdd 
  [ERROR] [2017-10-01 20:05:11][myWebSite.admin.controller.CategoryController] : Incorrect result size: expected 1, actual 0
  [INFO] [2017-10-01 20:05:16][myWebSite.admin.controller.CategoryController] categoryList 
  [INFO] [2017-10-01 20:05:19][myWebSite.admin.controller.CategoryController] preAdd 
  [ERROR] [2017-10-01 20:05:23][myWebSite.admin.controller.CategoryController] : Incorrect result size: expected 1, actual 0
  